TN:
SF:/home/leo/gingerbread/hardware/intel/linux-2.6/arch/x86/include/asm/bitops.h
DA:311,0
DA:312,0
DA:319,0
DA:324,0
LF:4
LH:0
end_of_record
SF:/home/leo/gingerbread/hardware/intel/linux-2.6/arch/x86/include/asm/current.h
DA:14,0
LF:1
LH:0
end_of_record
SF:/home/leo/gingerbread/hardware/intel/linux-2.6/arch/x86/include/asm/gpio.h
DA:28,0
DA:33,0
LF:2
LH:0
end_of_record
SF:/home/leo/gingerbread/hardware/intel/linux-2.6/arch/x86/include/asm/thread_info.h
DA:184,0
DA:185,0
LF:2
LH:0
end_of_record
SF:/home/leo/gingerbread/hardware/intel/linux-2.6/arch/x86/include/asm/uaccess_32.h
BRDA:209,0,0,-
BRDA:209,0,1,-
BRF:2
BRH:0
DA:207,0
DA:209,0
DA:210,0
DA:212,0
DA:214,0
LF:5
LH:0
end_of_record
SF:/home/leo/gingerbread/hardware/intel/linux-2.6/drivers/misc/pn544.c
FN:53,pn544_disable_irq
FN:65,pn544_dev_irq_handler
FN:79,pn544_dev_read
FN:140,pn544_dev_write
FN:168,pn544_dev_open
FN:181,pn544_dev_ioctl
FN:233,pn544_probe
FN:326,pn544_remove
FN:361,pn544_dev_init
FN:368,pn544_dev_exit
FNDA:0,pn544_disable_irq
FNDA:0,pn544_dev_irq_handler
FNDA:0,pn544_dev_read
FNDA:0,pn544_dev_write
FNDA:0,pn544_dev_open
FNDA:0,pn544_dev_ioctl
FNDA:0,pn544_probe
FNDA:0,pn544_remove
FNDA:1,pn544_dev_init
FNDA:0,pn544_dev_exit
FNF:10
FNH:1
BRDA:58,0,0,-
BRDA:58,0,1,-
BRDA:69,0,0,-
BRDA:69,0,1,-
BRDA:69,1,2,-
BRDA:69,1,3,-
BRDA:69,2,4,-
BRDA:69,2,5,-
BRDA:69,4,6,-
BRDA:69,4,7,-
BRDA:86,0,0,-
BRDA:86,0,1,-
BRDA:93,0,0,-
BRDA:93,0,1,-
BRDA:94,0,0,-
BRDA:94,0,1,-
BRDA:102,0,0,-
BRDA:102,0,1,-
BRDA:102,1,3,-
BRDA:102,1,4,-
BRDA:102,2,5,-
BRDA:102,2,6,-
BRDA:106,0,0,-
BRDA:106,0,1,-
BRDA:117,0,0,-
BRDA:117,0,1,-
BRDA:121,0,0,-
BRDA:121,0,1,-
BRDA:126,0,1,-
BRDA:126,0,2,-
BRDA:131,0,0,-
BRDA:131,0,1,-
BRDA:131,1,2,-
BRDA:131,1,3,-
BRDA:131,2,4,-
BRDA:131,2,5,-
BRDA:131,4,6,-
BRDA:131,4,7,-
BRDA:149,0,0,-
BRDA:149,0,1,-
BRDA:152,0,0,-
BRDA:152,0,1,-
BRDA:157,0,0,-
BRDA:157,0,1,-
BRDA:157,1,2,-
BRDA:157,1,3,-
BRDA:157,2,4,-
BRDA:157,2,5,-
BRDA:157,4,6,-
BRDA:157,4,7,-
BRDA:160,0,0,-
BRDA:160,0,1,-
BRDA:176,0,0,-
BRDA:176,0,1,-
BRDA:176,1,2,-
BRDA:176,1,3,-
BRDA:176,2,4,-
BRDA:176,2,5,-
BRDA:176,4,6,-
BRDA:176,4,7,-
BRDA:186,0,0,-
BRDA:186,0,1,-
BRDA:188,0,0,-
BRDA:188,0,1,-
BRDA:199,0,0,-
BRDA:199,0,1,-
BRDA:205,0,0,-
BRDA:205,0,1,-
BRDA:240,0,0,-
BRDA:240,0,1,-
BRDA:240,1,2,-
BRDA:240,1,3,-
BRDA:240,2,4,-
BRDA:240,2,5,-
BRDA:240,4,6,-
BRDA:240,4,7,-
BRDA:243,0,0,-
BRDA:243,0,1,-
BRDA:248,0,0,-
BRDA:248,0,1,-
BRDA:264,0,0,-
BRDA:264,0,1,-
BRDA:273,0,0,-
BRDA:273,0,1,-
BRDA:291,0,0,-
BRDA:291,0,1,-
BRDA:303,0,0,-
BRDA:303,0,1,-
BRF:88
BRH:0
DA:53,0
DA:57,0
DA:58,0
DA:59,0
DA:60,0
DA:62,0
DA:63,0
DA:65,0
DA:67,0
DA:69,0
DA:71,0
DA:74,0
DA:76,0
DA:79,0
DA:82,0
DA:86,0
DA:87,0
DA:91,0
DA:93,0
DA:94,0
DA:95,0
DA:96,0
DA:99,0
DA:100,0
DA:102,0
DA:104,0
DA:106,0
DA:107,0
DA:109,0
DA:114,0
DA:115,0
DA:117,0
DA:118,0
DA:119,0
DA:121,0
DA:122,0
DA:124,0
DA:126,0
DA:127,0
DA:128,0
DA:131,0
DA:132,0
DA:135,0
DA:136,0
DA:137,0
DA:140,0
DA:147,0
DA:149,0
DA:150,0
DA:152,0
DA:153,0
DA:154,0
DA:157,0
DA:159,0
DA:160,0
DA:161,0
DA:162,0
DA:165,0
DA:168,0
DA:170,0
DA:174,0
DA:176,0
DA:178,0
DA:181,0
DA:184,0
DA:186,0
DA:188,0
DA:191,0
DA:192,0
DA:193,0
DA:194,0
DA:195,0
DA:196,0
DA:197,0
DA:198,0
DA:199,0
DA:201,0
DA:202,0
DA:203,0
DA:204,0
DA:205,0
DA:207,0
DA:208,0
DA:209,0
DA:210,0
DA:212,0
DA:213,0
DA:217,0
DA:218,0
DA:221,0
DA:233,0
DA:240,0
DA:242,0
DA:243,0
DA:244,0
DA:245,0
DA:248,0
DA:249,0
DA:250,0
DA:263,0
DA:264,0
DA:265,0
DA:267,0
DA:268,0
DA:272,0
DA:273,0
DA:276,0
DA:277,0
DA:278,0
DA:279,0
DA:282,0
DA:283,0
DA:284,0
DA:286,0
DA:287,0
DA:288,0
DA:290,0
DA:291,0
DA:292,0
DA:293,0
DA:299,0
DA:300,0
DA:301,0
DA:303,0
DA:304,0
DA:305,0
DA:307,0
DA:310,0
DA:313,0
DA:315,0
DA:316,0
DA:318,0
DA:320,0
DA:322,0
DA:323,0
DA:326,0
DA:330,0
DA:331,0
DA:332,0
DA:333,0
DA:334,0
DA:335,0
DA:336,0
DA:337,0
DA:339,0
DA:361,1
DA:363,1
DA:364,1
DA:368,0
DA:370,0
DA:371,0
DA:372,0
LF:152
LH:3
end_of_record
SF:/home/leo/gingerbread/hardware/intel/linux-2.6/include/asm-generic/getorder.h
FN:9,get_order
FNDA:0,get_order
FNF:1
FNH:0
BRDA:18,0,0,-
BRDA:18,0,1,-
BRF:2
BRH:0
DA:9,0
DA:13,0
DA:14,0
DA:16,0
DA:17,0
DA:18,0
DA:19,0
LF:7
LH:0
end_of_record
SF:/home/leo/gingerbread/hardware/intel/linux-2.6/include/linux/device.h
BRDA:465,0,0,-
BRDA:465,0,1,-
BRDA:465,1,2,-
BRDA:465,1,3,-
BRF:4
BRH:0
DA:465,0
DA:466,0
DA:468,0
LF:3
LH:0
end_of_record
SF:/home/leo/gingerbread/hardware/intel/linux-2.6/include/linux/fs.h
DA:873,0
DA:878,0
LF:2
LH:0
end_of_record
SF:/home/leo/gingerbread/hardware/intel/linux-2.6/include/linux/i2c.h
DA:221,0
DA:226,0
DA:433,1
DA:451,0
DA:457,0
LF:5
LH:1
end_of_record
SF:/home/leo/gingerbread/hardware/intel/linux-2.6/include/linux/interrupt.h
DA:138,0
LF:1
LH:0
end_of_record
SF:/home/leo/gingerbread/hardware/intel/linux-2.6/include/linux/kobject.h
DA:81,0
LF:1
LH:0
end_of_record
SF:/home/leo/gingerbread/hardware/intel/linux-2.6/include/linux/rcupdate.h
BRDA:408,1,2,-
BRDA:408,1,3,-
BRF:2
BRH:0
DA:388,0
DA:408,0
LF:2
LH:0
end_of_record
SF:/home/leo/gingerbread/hardware/intel/linux-2.6/include/linux/sched.h
DA:2287,0
DA:2313,0
LF:2
LH:0
end_of_record
SF:/home/leo/gingerbread/hardware/intel/linux-2.6/include/linux/slab.h
DA:321,0
LF:1
LH:0
end_of_record
SF:/home/leo/gingerbread/hardware/intel/linux-2.6/include/linux/slub_def.h
BRDA:159,0,0,-
BRDA:159,0,1,-
BRDA:162,0,0,-
BRDA:162,0,1,-
BRDA:165,0,0,-
BRDA:165,0,1,-
BRDA:167,0,0,-
BRDA:167,0,1,-
BRDA:169,0,0,-
BRDA:169,0,1,-
BRDA:170,0,0,-
BRDA:170,0,1,-
BRDA:171,0,0,-
BRDA:171,0,1,-
BRDA:172,0,0,-
BRDA:172,0,1,-
BRDA:173,0,0,-
BRDA:173,0,1,-
BRDA:174,0,0,-
BRDA:174,0,1,-
BRDA:175,0,0,-
BRDA:175,0,1,-
BRDA:176,0,0,-
BRDA:176,0,1,-
BRDA:177,0,0,-
BRDA:177,0,1,-
BRDA:178,0,0,-
BRDA:178,0,1,-
BRDA:183,0,0,-
BRDA:183,0,1,-
BRDA:184,0,0,-
BRDA:184,0,1,-
BRDA:185,0,0,-
BRDA:185,0,1,-
BRDA:186,0,0,-
BRDA:186,0,1,-
BRDA:187,0,0,-
BRDA:187,0,1,-
BRDA:188,0,0,-
BRDA:188,0,1,-
BRDA:189,0,0,-
BRDA:189,0,1,-
BRDA:190,0,0,-
BRDA:190,0,1,-
BRDA:191,0,0,-
BRDA:191,0,1,-
BRDA:213,0,0,-
BRDA:213,0,1,-
BRDA:247,0,0,-
BRDA:247,0,1,-
BRDA:248,0,0,-
BRDA:248,0,1,-
BRDA:251,0,0,-
BRDA:251,0,1,-
BRDA:254,0,0,-
BRDA:254,0,1,-
BRF:56
BRH:0
DA:159,0
DA:160,0
DA:162,0
DA:163,0
DA:165,0
DA:166,0
DA:167,0
DA:168,0
DA:169,0
DA:170,0
DA:171,0
DA:172,0
DA:173,0
DA:174,0
DA:175,0
DA:176,0
DA:177,0
DA:178,0
DA:183,0
DA:184,0
DA:185,0
DA:186,0
DA:187,0
DA:188,0
DA:189,0
DA:190,0
DA:191,0
DA:192,0
DA:211,0
DA:213,0
DA:214,0
DA:216,0
DA:234,0
DA:235,0
DA:237,0
DA:238,0
DA:240,0
DA:247,0
DA:248,0
DA:249,0
DA:251,0
DA:252,0
DA:254,0
DA:255,0
DA:257,0
DA:259,0
DA:261,0
DA:264,0
LF:48
LH:0
end_of_record
SF:/home/leo/gingerbread/hardware/intel/linux-2.6/include/linux/spinlock.h
DA:273,0
DA:339,0
LF:2
LH:0
end_of_record
SF:/home/leo/gingerbread/hardware/intel/linux-2.6/include/linux/thread_info.h
BRDA:87,0,0,-
BRDA:87,0,1,-
BRDA:87,1,2,-
BRDA:87,1,3,-
BRF:4
BRH:0
DA:87,0
LF:1
LH:0
end_of_record
SF:/home/leo/gingerbread/hardware/intel/linux-2.6/include/trace/events/kmem.h
FN:81,trace_kmalloc
FNDA:0,trace_kmalloc
FNF:1
FNH:0
BRDA:81,0,0,-
BRDA:81,0,1,-
BRDA:81,0,2,-
BRDA:81,0,3,-
BRDA:81,1,5,-
BRDA:81,1,6,-
BRF:6
BRH:0
DA:81,0
DA:87,0
LF:2
LH:0
end_of_record
TN:
SF:/home/leo/gingerbread/hardware/intel/linux-2.6/arch/x86/include/asm/atomic.h
DA:25,0
DA:37,0
DA:49,0
DA:50,0
DA:95,0
DA:96,0
LF:6
LH:0
end_of_record
SF:/home/leo/gingerbread/hardware/intel/linux-2.6/arch/x86/include/asm/bitops.h
DA:311,0
DA:312,0
DA:319,0
DA:324,0
LF:4
LH:0
end_of_record
SF:/home/leo/gingerbread/hardware/intel/linux-2.6/arch/x86/include/asm/processor.h
DA:834,0
LF:1
LH:0
end_of_record
SF:/home/leo/gingerbread/hardware/intel/linux-2.6/arch/x86/include/asm/thread_info.h
DA:184,0
DA:185,0
LF:2
LH:0
end_of_record
SF:/home/leo/gingerbread/hardware/intel/linux-2.6/drivers/misc/uid_stat.c
FN:46,read_proc_entry
FN:65,get_uid_stat
FN:132,uid_stat_tcp_snd
FN:143,uid_stat_tcp_rcv
FN:154,uid_stat_udp_snd
FN:165,uid_stat_udp_rcv
FN:176,uid_stat_init
FNDA:0,read_proc_entry
FNDA:0,get_uid_stat
FNDA:0,uid_stat_tcp_snd
FNDA:0,uid_stat_tcp_rcv
FNDA:0,uid_stat_udp_snd
FNDA:0,uid_stat_udp_rcv
FNDA:1,uid_stat_init
FNF:7
FNH:1
BRDA:53,0,0,-
BRDA:53,0,1,-
BRDA:73,0,0,-
BRDA:73,0,1,-
BRDA:74,0,0,-
BRDA:74,0,1,-
BRDA:82,0,0,-
BRDA:82,0,1,-
BRDA:135,0,1,-
BRDA:135,0,2,-
BRDA:146,0,1,-
BRDA:146,0,2,-
BRDA:157,0,1,-
BRDA:157,0,2,-
BRDA:168,0,1,-
BRDA:168,0,2,-
BRDA:179,0,0,0
BRDA:179,0,1,1
BRF:18
BRH:1
DA:46,0
DA:51,0
DA:52,0
DA:53,0
DA:54,0
DA:56,0
DA:57,0
DA:58,0
DA:59,0
DA:60,0
DA:61,0
DA:65,0
DA:72,0
DA:73,0
DA:74,0
DA:76,0
DA:82,0
DA:83,0
DA:85,0
DA:87,0
DA:88,0
DA:89,0
DA:90,0
DA:91,0
DA:92,0
DA:93,0
DA:94,0
DA:97,0
DA:98,0
DA:101,0
DA:102,0
DA:106,0
DA:109,0
DA:112,0
DA:115,0
DA:118,0
DA:121,0
DA:124,0
DA:127,0
DA:129,0
DA:132,0
DA:134,0
DA:135,0
DA:136,0
DA:138,0
DA:139,0
DA:140,0
DA:143,0
DA:145,0
DA:146,0
DA:147,0
DA:149,0
DA:150,0
DA:151,0
DA:154,0
DA:156,0
DA:157,0
DA:158,0
DA:160,0
DA:161,0
DA:162,0
DA:165,0
DA:167,0
DA:168,0
DA:169,0
DA:171,0
DA:172,0
DA:173,0
DA:176,1
DA:178,1
DA:179,1
DA:180,0
DA:181,0
DA:183,1
LF:74
LH:4
end_of_record
SF:/home/leo/gingerbread/hardware/intel/linux-2.6/include/asm-generic/getorder.h
FN:9,get_order
FNDA:0,get_order
FNF:1
FNH:0
BRDA:18,0,0,-
BRDA:18,0,1,-
BRF:2
BRH:0
DA:9,0
DA:13,0
DA:14,0
DA:16,0
DA:17,0
DA:18,0
DA:19,0
LF:7
LH:0
end_of_record
SF:/home/leo/gingerbread/hardware/intel/linux-2.6/include/linux/list.h
DA:45,0
DA:46,0
DA:47,0
DA:48,0
DA:80,0
LF:5
LH:0
end_of_record
SF:/home/leo/gingerbread/hardware/intel/linux-2.6/include/linux/proc_fs.h
BRDA:163,0,0,-
BRDA:163,0,1,-
BRDA:163,0,2,-
BRDA:163,0,3,-
BRDA:163,0,4,-
BRDA:163,0,5,-
BRDA:163,0,6,-
BRDA:163,0,7,-
BRDA:163,0,8,-
BRDA:163,0,9,-
BRDA:163,0,10,-
BRDA:163,0,11,-
BRDA:163,0,12,-
BRDA:163,0,13,-
BRDA:163,0,14,-
BRDA:163,0,15,-
BRF:16
BRH:0
DA:162,0
DA:163,0
DA:164,0
DA:165,0
DA:167,0
LF:5
LH:0
end_of_record
SF:/home/leo/gingerbread/hardware/intel/linux-2.6/include/linux/rcupdate.h
BRDA:408,1,2,-
BRDA:408,1,3,-
BRF:2
BRH:0
DA:388,0
DA:408,0
LF:2
LH:0
end_of_record
SF:/home/leo/gingerbread/hardware/intel/linux-2.6/include/linux/slub_def.h
BRDA:159,0,0,-
BRDA:159,0,1,-
BRDA:162,0,0,-
BRDA:162,0,1,-
BRDA:165,0,0,-
BRDA:165,0,1,-
BRDA:167,0,0,-
BRDA:167,0,1,-
BRDA:169,0,0,-
BRDA:169,0,1,-
BRDA:170,0,0,-
BRDA:170,0,1,-
BRDA:171,0,0,-
BRDA:171,0,1,-
BRDA:172,0,0,-
BRDA:172,0,1,-
BRDA:173,0,0,-
BRDA:173,0,1,-
BRDA:174,0,0,-
BRDA:174,0,1,-
BRDA:175,0,0,-
BRDA:175,0,1,-
BRDA:176,0,0,-
BRDA:176,0,1,-
BRDA:177,0,0,-
BRDA:177,0,1,-
BRDA:178,0,0,-
BRDA:178,0,1,-
BRDA:183,0,0,-
BRDA:183,0,1,-
BRDA:184,0,0,-
BRDA:184,0,1,-
BRDA:185,0,0,-
BRDA:185,0,1,-
BRDA:186,0,0,-
BRDA:186,0,1,-
BRDA:187,0,0,-
BRDA:187,0,1,-
BRDA:188,0,0,-
BRDA:188,0,1,-
BRDA:189,0,0,-
BRDA:189,0,1,-
BRDA:190,0,0,-
BRDA:190,0,1,-
BRDA:191,0,0,-
BRDA:191,0,1,-
BRDA:213,0,0,-
BRDA:213,0,1,-
BRDA:247,0,0,-
BRDA:247,0,1,-
BRDA:248,0,0,-
BRDA:248,0,1,-
BRDA:251,0,0,-
BRDA:251,0,1,-
BRDA:254,0,0,-
BRDA:254,0,1,-
BRF:56
BRH:0
DA:159,0
DA:160,0
DA:162,0
DA:163,0
DA:165,0
DA:166,0
DA:167,0
DA:168,0
DA:169,0
DA:170,0
DA:171,0
DA:172,0
DA:173,0
DA:174,0
DA:175,0
DA:176,0
DA:177,0
DA:178,0
DA:183,0
DA:184,0
DA:185,0
DA:186,0
DA:187,0
DA:188,0
DA:189,0
DA:190,0
DA:191,0
DA:192,0
DA:211,0
DA:213,0
DA:214,0
DA:216,0
DA:234,0
DA:235,0
DA:237,0
DA:238,0
DA:240,0
DA:247,0
DA:248,0
DA:249,0
DA:251,0
DA:252,0
DA:254,0
DA:255,0
DA:257,0
DA:259,0
DA:261,0
DA:264,0
LF:48
LH:0
end_of_record
SF:/home/leo/gingerbread/hardware/intel/linux-2.6/include/linux/spinlock.h
DA:273,0
DA:339,0
LF:2
LH:0
end_of_record
SF:/home/leo/gingerbread/hardware/intel/linux-2.6/include/linux/thread_info.h
BRDA:87,0,0,-
BRDA:87,0,1,-
BRF:2
BRH:0
DA:87,0
LF:1
LH:0
end_of_record
SF:/home/leo/gingerbread/hardware/intel/linux-2.6/include/trace/events/kmem.h
FN:81,trace_kmalloc
FNDA:0,trace_kmalloc
FNF:1
FNH:0
BRDA:81,0,0,-
BRDA:81,0,1,-
BRDA:81,0,2,-
BRDA:81,0,3,-
BRDA:81,1,5,-
BRDA:81,1,6,-
BRF:6
BRH:0
DA:81,0
DA:87,0
LF:2
LH:0
end_of_record
TN:
SF:/home/leo/gingerbread/hardware/intel/linux-2.6/arch/x86/include/asm/atomic.h
BRDA:237,0,0,-
BRDA:237,0,1,-
BRDA:240,0,0,-
BRDA:240,0,1,-
BRF:4
BRH:0
DA:25,0
DA:215,0
DA:235,0
DA:237,0
DA:239,0
DA:240,0
DA:242,0
DA:244,0
LF:8
LH:0
end_of_record
SF:/home/leo/gingerbread/hardware/intel/linux-2.6/arch/x86/include/asm/bitops.h
DA:311,0
DA:312,0
DA:319,0
DA:324,0
LF:4
LH:0
end_of_record
SF:/home/leo/gingerbread/hardware/intel/linux-2.6/arch/x86/include/asm/thread_info.h
DA:184,0
DA:185,0
LF:2
LH:0
end_of_record
SF:/home/leo/gingerbread/hardware/intel/linux-2.6/drivers/misc/ak8975.c
FN:99,set_mode
FN:128,get_current_field
FN:183,get_sensitivity_data
FN:208,sensor_self_test
FN:293,power_mode_show
FN:299,power_mode_store
FN:332,curr_xyz_show
FN:358,xyz_sensitivity_show
FN:365,self_test_show
FN:393,ak8975_probe
FN:455,ak8975_remove
FN:465,ak8975_suspend
FN:471,ak8975_resume
FN:477,ak8975_runtime_suspend
FN:480,ak8975_runtime_idle
FN:484,ak8975_runtime_resume
FN:521,sensor_ak8975_init
FN:526,sensor_ak8975_exit
FNDA:0,set_mode
FNDA:0,get_current_field
FNDA:0,get_sensitivity_data
FNDA:0,sensor_self_test
FNDA:0,power_mode_show
FNDA:0,power_mode_store
FNDA:0,curr_xyz_show
FNDA:0,xyz_sensitivity_show
FNDA:0,self_test_show
FNDA:0,ak8975_probe
FNDA:0,ak8975_remove
FNDA:0,ak8975_suspend
FNDA:0,ak8975_resume
FNDA:0,ak8975_runtime_suspend
FNDA:0,ak8975_runtime_resume
FNDA:0,ak8975_runtime_idle
FNDA:1,sensor_ak8975_init
FNDA:0,sensor_ak8975_exit
FNF:18
FNH:1
BRDA:105,0,0,-
BRDA:105,0,1,-
BRDA:114,0,0,-
BRDA:114,0,1,-
BRDA:118,0,0,-
BRDA:118,0,1,-
BRDA:132,0,0,-
BRDA:132,0,1,-
BRDA:134,0,0,-
BRDA:134,0,1,-
BRDA:150,1,0,-
BRDA:150,1,1,-
BRDA:152,0,1,-
BRDA:152,0,2,-
BRDA:154,0,0,-
BRDA:154,0,1,-
BRDA:162,0,0,-
BRDA:162,0,1,-
BRDA:165,0,0,-
BRDA:165,0,1,-
BRDA:186,0,1,-
BRDA:186,0,2,-
BRDA:193,0,1,-
BRDA:193,0,2,-
BRDA:216,0,0,-
BRDA:216,0,1,-
BRDA:219,0,0,-
BRDA:219,0,1,-
BRDA:228,0,1,-
BRDA:228,0,2,-
BRDA:236,0,0,-
BRDA:236,0,1,-
BRDA:243,0,0,-
BRDA:243,0,1,-
BRDA:243,0,2,-
BRDA:243,0,3,-
BRDA:243,1,4,-
BRDA:243,1,5,-
BRDA:260,0,0,-
BRDA:260,0,1,-
BRDA:306,0,1,-
BRDA:306,0,2,-
BRDA:309,0,0,-
BRDA:309,0,1,-
BRDA:310,0,0,-
BRDA:310,0,1,-
BRDA:313,0,0,-
BRDA:313,0,1,-
BRDA:320,0,0,-
BRDA:320,0,1,-
BRDA:321,0,0,-
BRDA:321,0,1,-
BRDA:339,0,0,-
BRDA:339,0,1,-
BRDA:345,0,1,-
BRDA:345,0,2,-
BRDA:371,0,1,-
BRDA:371,0,2,-
BRDA:401,0,0,-
BRDA:401,0,1,-
BRDA:408,0,0,-
BRDA:408,0,1,-
BRDA:413,0,0,-
BRDA:413,0,1,-
BRDA:422,0,0,-
BRDA:422,0,1,-
BRDA:430,0,1,-
BRDA:430,0,2,-
BRDA:437,0,1,-
BRDA:437,0,2,-
BRF:70
BRH:0
DA:99,0
DA:104,0
DA:105,0
DA:106,0
DA:109,0
DA:112,0
DA:113,0
DA:114,0
DA:115,0
DA:118,0
DA:119,0
DA:122,0
DA:123,0
DA:128,0
DA:129,0
DA:132,0
DA:133,0
DA:134,0
DA:135,0
DA:136,0
DA:138,0
DA:141,0
DA:145,0
DA:146,0
DA:147,0
DA:150,0
DA:152,0
DA:154,0
DA:156,0
DA:160,0
DA:162,0
DA:163,0
DA:165,0
DA:166,0
DA:169,0
DA:173,0
DA:177,0
DA:178,0
DA:179,0
DA:180,0
DA:183,0
DA:186,0
DA:188,0
DA:189,0
DA:190,0
DA:193,0
DA:194,0
DA:197,0
DA:201,0
DA:203,0
DA:205,0
DA:208,0
DA:210,0
DA:211,0
DA:212,0
DA:213,0
DA:216,0
DA:218,0
DA:219,0
DA:220,0
DA:222,0
DA:226,0
DA:227,0
DA:228,0
DA:229,0
DA:232,0
DA:235,0
DA:236,0
DA:238,0
DA:240,0
DA:243,0
DA:244,0
DA:245,0
DA:246,0
DA:248,0
DA:250,0
DA:253,0
DA:257,0
DA:260,0
DA:262,0
DA:265,0
DA:266,0
DA:293,0
DA:296,0
DA:299,0
DA:303,0
DA:304,0
DA:306,0
DA:307,0
DA:309,0
DA:310,0
DA:312,0
DA:313,0
DA:314,0
DA:318,0
DA:320,0
DA:321,0
DA:324,0
DA:327,0
DA:329,0
DA:332,0
DA:336,0
DA:337,0
DA:339,0
DA:340,0
DA:344,0
DA:345,0
DA:346,0
DA:347,0
DA:350,0
DA:353,0
DA:355,0
DA:358,0
DA:362,0
DA:365,0
DA:368,0
DA:371,0
DA:393,0
DA:400,0
DA:401,0
DA:402,0
DA:403,0
DA:407,0
DA:408,0
DA:409,0
DA:410,0
DA:412,0
DA:413,0
DA:414,0
DA:415,0
DA:416,0
DA:418,0
DA:421,0
DA:422,0
DA:423,0
DA:425,0
DA:427,0
DA:430,0
DA:431,0
DA:433,0
DA:437,0
DA:438,0
DA:440,0
DA:442,0
DA:443,0
DA:444,0
DA:447,0
DA:448,0
DA:451,0
DA:452,0
DA:455,0
DA:457,0
DA:459,0
DA:460,0
DA:461,0
DA:462,0
DA:465,0
DA:468,0
DA:471,0
DA:474,0
DA:477,0
DA:480,0
DA:481,0
DA:484,0
DA:487,0
DA:488,0
DA:491,0
DA:494,0
DA:521,1
DA:523,1
DA:526,0
DA:528,0
DA:529,0
LF:173
LH:2
end_of_record
SF:/home/leo/gingerbread/hardware/intel/linux-2.6/include/asm-generic/getorder.h
FN:9,get_order
FNDA:0,get_order
FNF:1
FNH:0
BRDA:18,0,0,-
BRDA:18,0,1,-
BRF:2
BRH:0
DA:9,0
DA:13,0
DA:14,0
DA:16,0
DA:17,0
DA:18,0
DA:19,0
LF:7
LH:0
end_of_record
SF:/home/leo/gingerbread/hardware/intel/linux-2.6/include/linux/device.h
BRDA:465,0,0,-
BRDA:465,0,1,-
BRDA:465,1,2,-
BRDA:465,1,3,-
BRDA:465,2,4,-
BRDA:465,2,5,-
BRDA:465,3,6,-
BRDA:465,3,7,-
BRDA:465,4,8,-
BRDA:465,4,9,-
BRDA:465,5,10,-
BRDA:465,5,11,-
BRDA:465,6,12,-
BRDA:465,6,13,-
BRDA:465,7,14,-
BRDA:465,7,15,-
BRDA:465,8,16,-
BRDA:465,8,17,-
BRDA:465,9,18,-
BRDA:465,9,19,-
BRDA:465,10,20,-
BRDA:465,10,21,-
BRDA:465,10,22,-
BRDA:465,10,23,-
BRDA:465,11,24,-
BRDA:465,11,25,-
BRDA:465,12,26,-
BRDA:465,12,27,-
BRDA:465,13,28,-
BRDA:465,13,29,-
BRDA:465,14,30,-
BRDA:465,14,31,-
BRDA:465,15,32,-
BRDA:465,15,33,-
BRDA:465,16,34,-
BRDA:465,16,35,-
BRDA:465,17,36,-
BRDA:465,17,37,-
BRDA:465,18,38,-
BRDA:465,18,39,-
BRDA:465,19,40,-
BRDA:465,19,41,-
BRDA:465,20,42,-
BRDA:465,20,43,-
BRDA:465,21,44,-
BRDA:465,21,45,-
BRDA:465,22,46,-
BRDA:465,22,47,-
BRDA:465,23,48,-
BRDA:465,23,49,-
BRF:50
BRH:0
DA:465,0
DA:466,0
DA:468,0
LF:3
LH:0
end_of_record
SF:/home/leo/gingerbread/hardware/intel/linux-2.6/include/linux/err.h
DA:29,0
DA:34,0
LF:2
LH:0
end_of_record
SF:/home/leo/gingerbread/hardware/intel/linux-2.6/include/linux/i2c.h
DA:221,0
DA:226,0
DA:433,1
LF:3
LH:1
end_of_record
SF:/home/leo/gingerbread/hardware/intel/linux-2.6/include/linux/kobject.h
DA:81,0
LF:1
LH:0
end_of_record
SF:/home/leo/gingerbread/hardware/intel/linux-2.6/include/linux/pm_runtime.h
DA:67,0
DA:68,0
DA:184,0
DA:200,0
DA:210,0
LF:5
LH:0
end_of_record
SF:/home/leo/gingerbread/hardware/intel/linux-2.6/include/linux/rcupdate.h
FN:405,rcu_read_unlock_sched_notrace
FNDA:0,rcu_read_unlock_sched_notrace
FNF:1
FNH:0
BRDA:408,1,2,-
BRDA:408,1,3,-
BRF:2
BRH:0
DA:388,0
DA:405,0
DA:408,0
DA:409,0
LF:4
LH:0
end_of_record
SF:/home/leo/gingerbread/hardware/intel/linux-2.6/include/linux/slab.h
DA:321,0
LF:1
LH:0
end_of_record
SF:/home/leo/gingerbread/hardware/intel/linux-2.6/include/linux/slub_def.h
BRDA:159,0,0,-
BRDA:159,0,1,-
BRDA:162,0,0,-
BRDA:162,0,1,-
BRDA:165,0,0,-
BRDA:165,0,1,-
BRDA:167,0,0,-
BRDA:167,0,1,-
BRDA:169,0,0,-
BRDA:169,0,1,-
BRDA:170,0,0,-
BRDA:170,0,1,-
BRDA:171,0,0,-
BRDA:171,0,1,-
BRDA:172,0,0,-
BRDA:172,0,1,-
BRDA:173,0,0,-
BRDA:173,0,1,-
BRDA:174,0,0,-
BRDA:174,0,1,-
BRDA:175,0,0,-
BRDA:175,0,1,-
BRDA:176,0,0,-
BRDA:176,0,1,-
BRDA:177,0,0,-
BRDA:177,0,1,-
BRDA:178,0,0,-
BRDA:178,0,1,-
BRDA:183,0,0,-
BRDA:183,0,1,-
BRDA:184,0,0,-
BRDA:184,0,1,-
BRDA:185,0,0,-
BRDA:185,0,1,-
BRDA:186,0,0,-
BRDA:186,0,1,-
BRDA:187,0,0,-
BRDA:187,0,1,-
BRDA:188,0,0,-
BRDA:188,0,1,-
BRDA:189,0,0,-
BRDA:189,0,1,-
BRDA:190,0,0,-
BRDA:190,0,1,-
BRDA:191,0,0,-
BRDA:191,0,1,-
BRDA:213,0,0,-
BRDA:213,0,1,-
BRDA:247,0,0,-
BRDA:247,0,1,-
BRDA:248,0,0,-
BRDA:248,0,1,-
BRDA:251,0,0,-
BRDA:251,0,1,-
BRDA:254,0,0,-
BRDA:254,0,1,-
BRF:56
BRH:0
DA:159,0
DA:160,0
DA:162,0
DA:163,0
DA:165,0
DA:166,0
DA:167,0
DA:168,0
DA:169,0
DA:170,0
DA:171,0
DA:172,0
DA:173,0
DA:174,0
DA:175,0
DA:176,0
DA:177,0
DA:178,0
DA:183,0
DA:184,0
DA:185,0
DA:186,0
DA:187,0
DA:188,0
DA:189,0
DA:190,0
DA:191,0
DA:192,0
DA:211,0
DA:213,0
DA:214,0
DA:216,0
DA:234,0
DA:235,0
DA:237,0
DA:238,0
DA:240,0
DA:247,0
DA:248,0
DA:249,0
DA:251,0
DA:252,0
DA:254,0
DA:255,0
DA:257,0
DA:259,0
DA:261,0
DA:264,0
LF:48
LH:0
end_of_record
SF:/home/leo/gingerbread/hardware/intel/linux-2.6/include/linux/thread_info.h
BRDA:87,0,0,-
BRDA:87,0,1,-
BRF:2
BRH:0
DA:87,0
LF:1
LH:0
end_of_record
SF:/home/leo/gingerbread/hardware/intel/linux-2.6/include/trace/events/kmem.h
FN:81,trace_kmalloc
FNDA:0,trace_kmalloc
FNF:1
FNH:0
BRDA:81,0,0,-
BRDA:81,0,1,-
BRDA:81,0,2,-
BRDA:81,0,3,-
BRDA:81,1,5,-
BRDA:81,1,6,-
BRF:6
BRH:0
DA:81,0
DA:87,0
LF:2
LH:0
end_of_record
SF:/home/leo/gingerbread/hardware/intel/linux-2.6/include/trace/events/power.h
BRDA:101,0,0,-
BRDA:101,0,1,-
BRDA:101,0,2,-
BRDA:101,0,3,-
BRDA:101,1,5,-
BRDA:101,1,6,-
BRF:6
BRH:0
DA:101,0
LF:1
LH:0
end_of_record
TN:
SF:/home/leo/gingerbread/hardware/intel/linux-2.6/arch/x86/include/asm/bitops.h
DA:349,0
DA:352,0
LF:2
LH:0
end_of_record
SF:/home/leo/gingerbread/hardware/intel/linux-2.6/drivers/misc/kernel_debugger.c
FN:28,do_ps
FN:51,do_sysrq
FN:68,kernel_debugger
FNDA:0,do_ps
FNDA:0,do_sysrq
FNDA:0,kernel_debugger
FNF:3
FNH:0
BRDA:36,0,0,-
BRDA:36,0,1,-
BRDA:37,0,0,-
BRDA:37,0,1,-
BRDA:39,0,0,-
BRDA:39,0,1,-
BRDA:41,0,0,-
BRDA:41,0,1,-
BRDA:45,0,0,-
BRDA:45,0,1,-
BRDA:60,0,0,-
BRDA:60,0,1,-
BRDA:70,0,1,-
BRDA:70,0,2,-
BRDA:72,0,1,-
BRDA:72,0,2,-
BRDA:74,0,1,-
BRDA:74,0,2,-
BRF:18
BRH:0
DA:28,0
DA:34,0
DA:35,0
DA:36,0
DA:37,0
DA:38,0
DA:39,0
DA:41,0
DA:42,0
DA:44,0
DA:45,0
DA:46,0
DA:47,0
DA:51,0
DA:55,0
DA:56,0
DA:57,0
DA:59,0
DA:60,0
DA:62,0
DA:63,0
DA:64,0
DA:65,0
DA:66,0
DA:68,0
DA:70,0
DA:71,0
DA:72,0
DA:73,0
DA:74,0
DA:75,0
DA:77,0
LF:32
LH:0
end_of_record
SF:/home/leo/gingerbread/hardware/intel/linux-2.6/include/linux/sched.h
DA:2176,0
LF:1
LH:0
end_of_record
TN:
SF:/home/leo/gingerbread/hardware/intel/linux-2.6/arch/x86/include/asm/bitops.h
DA:311,0
DA:312,0
DA:319,0
DA:324,0
LF:4
LH:0
end_of_record
SF:/home/leo/gingerbread/hardware/intel/linux-2.6/arch/x86/include/asm/current.h
DA:14,0
LF:1
LH:0
end_of_record
SF:/home/leo/gingerbread/hardware/intel/linux-2.6/arch/x86/include/asm/thread_info.h
DA:184,0
DA:185,0
LF:2
LH:0
end_of_record
SF:/home/leo/gingerbread/hardware/intel/linux-2.6/drivers/misc/apds990x.c
FN:203,apds990x_detect
FN:203,apds990x_irq
FN:227,apds990x_write_byte
FN:241,apds990x_force_a_refresh
FN:241,apds990x_refresh_athres
FN:241,apds990x_force_p_refresh
FN:255,apds990x_probe
FN:255,apds990x_prox_enable_store
FN:255,apds990x_chip_on
FN:263,apds990x_lux_to_threshold
FN:325,apds990x_configure
FN:632,apds990x_suspend
FN:632,apds990x_runtime_suspend
FN:632,apds990x_remove
FN:638,apds990x_lux_show
FN:669,apds990x_lux_range_show
FN:677,apds990x_lux_calib_format_show
FN:686,apds990x_lux_calib_show
FN:694,apds990x_lux_calib_store
FN:715,apds990x_rate_avail
FN:726,apds990x_rate_show
FN:733,apds990x_set_arate
FN:758,apds990x_rate_store
FN:783,apds990x_prox_show
FN:799,apds990x_prox_range_show
FN:807,apds990x_prox_enable_show
FN:845,apds990x_prox_reporting_mode_show
FN:853,apds990x_prox_reporting_mode_store
FN:872,apds990x_prox_reporting_avail_show
FN:882,apds990x_lux_thresh_above_show
FN:889,apds990x_lux_thresh_below_show
FN:896,apds990x_set_lux_thresh
FN:921,apds990x_lux_thresh_above_store
FN:932,apds990x_lux_thresh_below_store
FN:951,apds990x_prox_threshold_show
FN:958,apds990x_prox_threshold_store
FN:984,apds990x_power_state_show
FN:991,apds990x_power_state_store
FN:1018,apds990x_chip_id_show
FN:1223,apds990x_resume
FN:1252,apds990x_runtime_resume
FN:1289,apds990x_init
FN:1294,apds990x_exit
FNDA:0,apds990x_write_byte
FNDA:0,apds990x_lux_to_threshold
FNDA:0,apds990x_refresh_athres
FNDA:0,apds990x_force_a_refresh
FNDA:0,apds990x_force_p_refresh
FNDA:0,apds990x_irq
FNDA:0,apds990x_configure
FNDA:0,apds990x_detect
FNDA:0,apds990x_chip_on
FNDA:0,apds990x_lux_show
FNDA:0,apds990x_lux_range_show
FNDA:0,apds990x_lux_calib_format_show
FNDA:0,apds990x_lux_calib_show
FNDA:0,apds990x_lux_calib_store
FNDA:0,apds990x_rate_avail
FNDA:0,apds990x_rate_show
FNDA:0,apds990x_set_arate
FNDA:0,apds990x_rate_store
FNDA:0,apds990x_prox_show
FNDA:0,apds990x_prox_range_show
FNDA:0,apds990x_prox_enable_show
FNDA:0,apds990x_prox_enable_store
FNDA:0,apds990x_prox_reporting_mode_show
FNDA:0,apds990x_prox_reporting_mode_store
FNDA:0,apds990x_prox_reporting_avail_show
FNDA:0,apds990x_lux_thresh_above_show
FNDA:0,apds990x_lux_thresh_below_show
FNDA:0,apds990x_set_lux_thresh
FNDA:0,apds990x_lux_thresh_above_store
FNDA:0,apds990x_lux_thresh_below_store
FNDA:0,apds990x_prox_threshold_show
FNDA:0,apds990x_prox_threshold_store
FNDA:0,apds990x_power_state_show
FNDA:0,apds990x_power_state_store
FNDA:0,apds990x_chip_id_show
FNDA:0,apds990x_probe
FNDA:0,apds990x_remove
FNDA:0,apds990x_suspend
FNDA:0,apds990x_resume
FNDA:0,apds990x_runtime_suspend
FNDA:0,apds990x_runtime_resume
FNDA:1,apds990x_init
FNDA:0,apds990x_exit
FNF:43
FNH:1
BRDA:257,0,0,-
BRDA:257,0,1,-
BRDA:257,0,2,-
BRDA:257,0,3,-
BRDA:257,0,4,-
BRDA:257,0,5,-
BRDA:269,0,0,-
BRDA:269,0,1,-
BRDA:271,0,0,-
BRDA:271,0,1,-
BRDA:308,0,0,-
BRDA:308,0,1,-
BRDA:316,0,0,-
BRDA:316,0,1,-
BRDA:339,0,0,-
BRDA:339,0,1,-
BRDA:342,0,0,-
BRDA:342,0,1,-
BRDA:347,0,0,-
BRDA:347,0,1,-
BRDA:363,0,0,-
BRDA:363,0,1,-
BRDA:398,0,0,-
BRDA:398,0,1,-
BRDA:400,0,0,-
BRDA:400,0,1,-
BRDA:402,0,0,-
BRDA:402,0,1,-
BRDA:404,0,0,-
BRDA:404,0,1,-
BRDA:408,0,0,-
BRDA:408,0,1,-
BRDA:410,0,0,-
BRDA:410,0,1,-
BRDA:414,0,0,-
BRDA:414,0,1,-
BRDA:417,0,0,-
BRDA:417,0,1,-
BRDA:417,1,2,-
BRDA:417,1,3,-
BRDA:437,0,0,-
BRDA:437,0,1,-
BRDA:473,0,0,-
BRDA:473,0,1,-
BRDA:473,0,2,-
BRDA:498,0,0,-
BRDA:498,0,1,-
BRDA:499,0,0,-
BRDA:499,0,1,-
BRDA:511,0,0,-
BRDA:511,0,1,-
BRDA:521,0,0,-
BRDA:521,0,1,-
BRDA:521,1,2,-
BRDA:521,1,3,-
BRDA:530,0,0,-
BRDA:530,0,1,-
BRDA:530,0,2,-
BRDA:530,0,3,-
BRDA:539,0,0,-
BRDA:539,0,1,-
BRDA:541,0,0,-
BRDA:541,0,1,-
BRDA:588,0,0,-
BRDA:588,0,1,-
BRDA:594,0,0,-
BRDA:594,0,1,-
BRDA:599,0,0,-
BRDA:599,0,1,-
BRDA:616,0,0,-
BRDA:616,0,1,-
BRDA:618,0,0,-
BRDA:618,0,1,-
BRDA:633,0,0,-
BRDA:633,0,1,-
BRDA:633,0,2,-
BRDA:633,0,3,-
BRDA:633,0,4,-
BRDA:633,0,5,-
BRDA:646,0,0,-
BRDA:646,0,1,-
BRDA:649,0,1,-
BRDA:649,0,2,-
BRDA:649,2,4,-
BRDA:649,2,5,-
BRDA:649,3,6,-
BRDA:649,3,7,-
BRDA:649,4,9,-
BRDA:649,4,10,-
BRDA:652,0,0,-
BRDA:652,0,1,-
BRDA:657,0,0,-
BRDA:657,0,1,-
BRDA:701,0,1,-
BRDA:701,0,2,-
BRDA:720,1,0,-
BRDA:720,1,1,-
BRDA:737,2,0,-
BRDA:737,2,1,-
BRDA:738,0,0,-
BRDA:738,0,1,-
BRDA:741,0,0,-
BRDA:741,0,1,-
BRDA:749,0,0,-
BRDA:749,0,1,-
BRDA:766,0,1,-
BRDA:766,0,2,-
BRDA:773,0,0,-
BRDA:773,0,1,-
BRDA:788,0,0,-
BRDA:788,0,1,-
BRDA:788,1,2,-
BRDA:788,1,3,-
BRDA:821,0,1,-
BRDA:821,0,2,-
BRDA:826,0,0,-
BRDA:826,0,1,-
BRDA:829,0,0,-
BRDA:829,0,1,-
BRDA:831,0,0,-
BRDA:831,0,1,-
BRDA:834,0,0,-
BRDA:834,0,1,-
BRDA:859,0,1,-
BRDA:859,0,2,-
BRDA:861,0,1,-
BRDA:861,0,2,-
BRDA:902,0,1,-
BRDA:902,0,2,-
BRDA:905,0,0,-
BRDA:905,0,1,-
BRDA:914,0,0,-
BRDA:914,0,1,-
BRDA:927,0,0,-
BRDA:927,0,1,-
BRDA:938,0,0,-
BRDA:938,0,1,-
BRDA:965,0,1,-
BRDA:965,0,2,-
BRDA:968,0,0,-
BRDA:968,0,1,-
BRDA:998,0,1,-
BRDA:998,0,2,-
BRDA:1000,0,0,-
BRDA:1000,0,1,-
BRDA:1008,0,0,-
BRDA:1008,0,1,-
BRDA:1058,0,0,-
BRDA:1058,0,1,-
BRDA:1068,0,0,-
BRDA:1068,0,1,-
BRDA:1074,0,0,-
BRDA:1074,0,1,-
BRDA:1112,0,0,-
BRDA:1112,0,1,-
BRDA:1118,0,0,-
BRDA:1118,0,1,-
BRDA:1124,0,0,-
BRDA:1124,0,1,-
BRDA:1130,0,0,-
BRDA:1130,0,1,-
BRDA:1132,0,0,-
BRDA:1132,0,1,-
BRDA:1141,0,0,-
BRDA:1141,0,1,-
BRDA:1156,0,0,-
BRDA:1156,0,1,-
BRDA:1166,0,0,-
BRDA:1166,0,1,-
BRDA:1176,0,0,-
BRDA:1176,0,1,-
BRDA:1176,1,2,-
BRDA:1176,1,3,-
BRDA:1179,0,0,-
BRDA:1179,0,1,-
BRDA:1179,1,2,-
BRDA:1179,1,3,-
BRDA:1182,0,0,-
BRDA:1182,0,1,-
BRDA:1182,1,2,-
BRDA:1182,1,3,-
BRDA:1197,0,0,-
BRDA:1197,0,1,-
BRDA:1197,0,2,-
BRDA:1197,0,3,-
BRDA:1200,0,0,-
BRDA:1200,0,1,-
BRDA:1206,0,0,-
BRDA:1206,0,1,-
BRDA:1206,0,2,-
BRDA:1206,0,3,-
BRF:191
BRH:0
DA:203,0
DA:206,0
DA:207,0
DA:209,0
DA:210,0
DA:211,0
DA:216,0
DA:219,0
DA:220,0
DA:222,0
DA:223,0
DA:224,0
DA:227,0
DA:229,0
DA:232,0
DA:233,0
DA:235,0
DA:236,0
DA:241,0
DA:244,0
DA:245,0
DA:247,0
DA:248,0
DA:255,0
DA:257,0
DA:258,0
DA:260,0
DA:263,0
DA:269,0
DA:270,0
DA:271,0
DA:272,0
DA:289,0
DA:292,0
DA:293,0
DA:295,0
DA:301,0
DA:302,0
DA:308,0
DA:309,0
DA:310,0
DA:313,0
DA:316,0
DA:317,0
DA:318,0
DA:325,0
DA:327,0
DA:329,0
DA:330,0
DA:339,0
DA:340,0
DA:342,0
DA:343,0
DA:344,0
DA:346,0
DA:347,0
DA:348,0
DA:350,0
DA:353,0
DA:354,0
DA:355,0
DA:359,0
DA:363,0
DA:364,0
DA:366,0
DA:367,0
DA:368,0
DA:369,0
DA:371,0
DA:375,0
DA:380,0
DA:383,0
DA:388,0
DA:393,0
DA:394,0
DA:395,0
DA:398,0
DA:399,0
DA:400,0
DA:401,0
DA:402,0
DA:403,0
DA:404,0
DA:405,0
DA:408,0
DA:409,0
DA:410,0
DA:411,0
DA:414,0
DA:416,0
DA:417,0
DA:418,0
DA:423,0
DA:425,0
DA:426,0
DA:427,0
DA:428,0
DA:429,0
DA:437,0
DA:438,0
DA:440,0
DA:442,0
DA:455,0
DA:456,0
DA:458,0
DA:459,0
DA:461,0
DA:462,0
DA:464,0
DA:469,0
DA:471,0
DA:473,0
DA:475,0
DA:478,0
DA:481,0
DA:485,0
DA:486,0
DA:489,0
DA:491,0
DA:495,0
DA:497,0
DA:498,0
DA:499,0
DA:500,0
DA:502,0
DA:505,0
DA:507,0
DA:508,0
DA:509,0
DA:511,0
DA:513,0
DA:514,0
DA:515,0
DA:516,0
DA:521,0
DA:530,0
DA:531,0
DA:532,0
DA:534,0
DA:538,0
DA:539,0
DA:540,0
DA:541,0
DA:542,0
DA:543,0
DA:547,0
DA:548,0
DA:551,0
DA:554,0
DA:557,0
DA:558,0
DA:561,0
DA:564,0
DA:566,0
DA:568,0
DA:571,0
DA:572,0
DA:573,0
DA:574,0
DA:575,0
DA:576,0
DA:578,0
DA:581,0
DA:583,0
DA:587,0
DA:588,0
DA:589,0
DA:590,0
DA:593,0
DA:594,0
DA:595,0
DA:596,0
DA:599,0
DA:603,0
DA:604,0
DA:606,0
DA:609,0
DA:612,0
DA:616,0
DA:617,0
DA:618,0
DA:619,0
DA:621,0
DA:624,0
DA:625,0
DA:627,0
DA:632,0
DA:633,0
DA:634,0
DA:635,0
DA:638,0
DA:641,0
DA:646,0
DA:647,0
DA:649,0
DA:652,0
DA:653,0
DA:655,0
DA:656,0
DA:657,0
DA:658,0
DA:660,0
DA:663,0
DA:664,0
DA:669,0
DA:672,0
DA:677,0
DA:680,0
DA:686,0
DA:689,0
DA:691,0
DA:694,0
DA:698,0
DA:701,0
DA:702,0
DA:707,0
DA:709,0
DA:715,0
DA:719,0
DA:720,0
DA:721,0
DA:722,0
DA:723,0
DA:726,0
DA:729,0
DA:730,0
DA:733,0
DA:737,0
DA:738,0
DA:741,0
DA:742,0
DA:745,0
DA:746,0
DA:749,0
DA:750,0
DA:753,0
DA:755,0
DA:758,0
DA:762,0
DA:766,0
DA:767,0
DA:769,0
DA:770,0
DA:771,0
DA:773,0
DA:774,0
DA:775,0
DA:783,0
DA:787,0
DA:788,0
DA:789,0
DA:791,0
DA:792,0
DA:793,0
DA:794,0
DA:799,0
DA:802,0
DA:807,0
DA:810,0
DA:811,0
DA:814,0
DA:818,0
DA:821,0
DA:822,0
DA:824,0
DA:826,0
DA:827,0
DA:829,0
DA:830,0
DA:831,0
DA:832,0
DA:834,0
DA:836,0
DA:837,0
DA:845,0
DA:848,0
DA:849,0
DA:850,0
DA:853,0
DA:857,0
DA:859,0
DA:860,0
DA:861,0
DA:862,0
DA:864,0
DA:865,0
DA:872,0
DA:875,0
DA:882,0
DA:885,0
DA:886,0
DA:889,0
DA:892,0
DA:893,0
DA:896,0
DA:899,0
DA:902,0
DA:903,0
DA:905,0
DA:906,0
DA:908,0
DA:909,0
DA:914,0
DA:915,0
DA:916,0
DA:917,0
DA:921,0
DA:925,0
DA:926,0
DA:927,0
DA:928,0
DA:929,0
DA:932,0
DA:936,0
DA:937,0
DA:938,0
DA:939,0
DA:940,0
DA:951,0
DA:954,0
DA:955,0
DA:958,0
DA:962,0
DA:965,0
DA:966,0
DA:968,0
DA:970,0
DA:972,0
DA:973,0
DA:975,0
DA:976,0
DA:977,0
DA:984,0
DA:987,0
DA:991,0
DA:995,0
DA:998,0
DA:999,0
DA:1000,0
DA:1002,0
DA:1003,0
DA:1004,0
DA:1005,0
DA:1006,0
DA:1008,0
DA:1011,0
DA:1018,0
DA:1021,0
DA:1022,0
DA:1051,0
DA:1057,0
DA:1058,0
DA:1059,0
DA:1062,0
DA:1064,0
DA:1065,0
DA:1066,0
DA:1068,0
DA:1069,0
DA:1070,0
DA:1071,0
DA:1074,0
DA:1076,0
DA:1077,0
DA:1078,0
DA:1079,0
DA:1080,0
DA:1081,0
DA:1083,0
DA:1087,0
DA:1088,0
DA:1089,0
DA:1090,0
DA:1092,0
DA:1094,0
DA:1096,0
DA:1100,0
DA:1101,0
DA:1102,0
DA:1104,0
DA:1105,0
DA:1106,0
DA:1107,0
DA:1108,0
DA:1109,0
DA:1110,0
DA:1112,0
DA:1113,0
DA:1114,0
DA:1116,0
DA:1118,0
DA:1119,0
DA:1120,0
DA:1123,0
DA:1124,0
DA:1125,0
DA:1126,0
DA:1130,0
DA:1131,0
DA:1132,0
DA:1133,0
DA:1134,0
DA:1138,0
DA:1140,0
DA:1141,0
DA:1142,0
DA:1143,0
DA:1146,0
DA:1148,0
DA:1149,0
DA:1152,0
DA:1154,0
DA:1156,0
DA:1157,0
DA:1158,0
DA:1161,0
DA:1166,0
DA:1167,0
DA:1169,0
DA:1171,0
DA:1173,0
DA:1176,0
DA:1177,0
DA:1179,0
DA:1180,0
DA:1182,0
DA:1183,0
DA:1185,0
DA:1186,0
DA:1189,0
DA:1191,0
DA:1193,0
DA:1194,0
DA:1197,0
DA:1198,0
DA:1200,0
DA:1203,0
DA:1204,0
DA:1206,0
DA:1207,0
DA:1209,0
DA:1210,0
DA:1214,0
DA:1216,0
DA:1217,0
DA:1220,0
DA:1223,0
DA:1225,0
DA:1226,0
DA:1232,0
DA:1234,0
DA:1243,0
DA:1245,0
DA:1246,0
DA:1249,0
DA:1252,0
DA:1254,0
DA:1255,0
DA:1257,0
DA:1258,0
DA:1289,1
DA:1291,1
DA:1294,0
DA:1296,0
DA:1297,0
LF:465
LH:2
end_of_record
SF:/home/leo/gingerbread/hardware/intel/linux-2.6/include/asm-generic/getorder.h
FN:9,get_order
FNDA:0,get_order
FNF:1
FNH:0
BRDA:18,0,0,-
BRDA:18,0,1,-
BRF:2
BRH:0
DA:9,0
DA:13,0
DA:14,0
DA:16,0
DA:17,0
DA:18,0
DA:19,0
LF:7
LH:0
end_of_record
SF:/home/leo/gingerbread/hardware/intel/linux-2.6/include/linux/device.h
BRDA:465,0,0,-
BRDA:465,0,1,-
BRDA:465,1,2,-
BRDA:465,1,3,-
BRDA:465,2,4,-
BRDA:465,2,5,-
BRDA:465,3,6,-
BRDA:465,3,7,-
BRDA:465,4,8,-
BRDA:465,4,9,-
BRDA:465,5,10,-
BRDA:465,5,11,-
BRDA:465,6,12,-
BRDA:465,6,13,-
BRDA:465,7,14,-
BRDA:465,7,15,-
BRF:16
BRH:0
DA:465,0
DA:466,0
DA:468,0
LF:3
LH:0
end_of_record
SF:/home/leo/gingerbread/hardware/intel/linux-2.6/include/linux/i2c.h
DA:221,0
DA:226,0
DA:433,1
LF:3
LH:1
end_of_record
SF:/home/leo/gingerbread/hardware/intel/linux-2.6/include/linux/kobject.h
DA:81,0
LF:1
LH:0
end_of_record
SF:/home/leo/gingerbread/hardware/intel/linux-2.6/include/linux/pm_runtime.h
BRDA:83,0,0,-
BRDA:83,0,1,-
BRDA:83,1,2,-
BRDA:83,1,3,-
BRDA:83,4,4,-
BRDA:83,4,5,-
BRDA:83,5,6,-
BRDA:83,5,7,-
BRDA:83,8,8,-
BRDA:83,8,9,-
BRDA:83,9,10,-
BRDA:83,9,11,-
BRDA:83,12,12,-
BRDA:83,12,13,-
BRDA:83,13,14,-
BRDA:83,13,15,-
BRDA:83,16,16,-
BRDA:83,16,17,-
BRDA:83,17,18,-
BRDA:83,17,19,-
BRDA:83,19,20,-
BRDA:83,19,21,-
BRDA:83,20,22,-
BRDA:83,20,23,-
BRDA:83,22,24,-
BRDA:83,22,25,-
BRDA:83,23,26,-
BRDA:83,23,27,-
BRDA:83,25,28,-
BRDA:83,25,29,-
BRDA:83,26,30,-
BRDA:83,26,31,-
BRDA:83,29,32,-
BRDA:83,29,33,-
BRDA:83,30,34,-
BRDA:83,30,35,-
BRDA:83,33,36,-
BRDA:83,33,37,-
BRDA:83,34,38,-
BRDA:83,34,39,-
BRF:40
BRH:0
DA:83,0
DA:84,0
DA:184,0
DA:189,0
DA:210,0
DA:215,0
DA:220,0
LF:7
LH:0
end_of_record
SF:/home/leo/gingerbread/hardware/intel/linux-2.6/include/linux/rcupdate.h
BRDA:408,1,2,-
BRDA:408,1,3,-
BRF:2
BRH:0
DA:388,0
DA:408,0
LF:2
LH:0
end_of_record
SF:/home/leo/gingerbread/hardware/intel/linux-2.6/include/linux/regulator/consumer.h
DA:217,0
DA:223,0
DA:229,0
LF:3
LH:0
end_of_record
SF:/home/leo/gingerbread/hardware/intel/linux-2.6/include/linux/sched.h
DA:2287,0
DA:2313,0
LF:2
LH:0
end_of_record
SF:/home/leo/gingerbread/hardware/intel/linux-2.6/include/linux/slab.h
DA:321,0
LF:1
LH:0
end_of_record
SF:/home/leo/gingerbread/hardware/intel/linux-2.6/include/linux/slub_def.h
BRDA:159,0,0,-
BRDA:159,0,1,-
BRDA:162,0,0,-
BRDA:162,0,1,-
BRDA:165,0,0,-
BRDA:165,0,1,-
BRDA:167,0,0,-
BRDA:167,0,1,-
BRDA:169,0,0,-
BRDA:169,0,1,-
BRDA:170,0,0,-
BRDA:170,0,1,-
BRDA:171,0,0,-
BRDA:171,0,1,-
BRDA:172,0,0,-
BRDA:172,0,1,-
BRDA:173,0,0,-
BRDA:173,0,1,-
BRDA:174,0,0,-
BRDA:174,0,1,-
BRDA:175,0,0,-
BRDA:175,0,1,-
BRDA:176,0,0,-
BRDA:176,0,1,-
BRDA:177,0,0,-
BRDA:177,0,1,-
BRDA:178,0,0,-
BRDA:178,0,1,-
BRDA:183,0,0,-
BRDA:183,0,1,-
BRDA:184,0,0,-
BRDA:184,0,1,-
BRDA:185,0,0,-
BRDA:185,0,1,-
BRDA:186,0,0,-
BRDA:186,0,1,-
BRDA:187,0,0,-
BRDA:187,0,1,-
BRDA:188,0,0,-
BRDA:188,0,1,-
BRDA:189,0,0,-
BRDA:189,0,1,-
BRDA:190,0,0,-
BRDA:190,0,1,-
BRDA:191,0,0,-
BRDA:191,0,1,-
BRDA:213,0,0,-
BRDA:213,0,1,-
BRDA:247,0,0,-
BRDA:247,0,1,-
BRDA:248,0,0,-
BRDA:248,0,1,-
BRDA:251,0,0,-
BRDA:251,0,1,-
BRDA:254,0,0,-
BRDA:254,0,1,-
BRF:56
BRH:0
DA:159,0
DA:160,0
DA:162,0
DA:163,0
DA:165,0
DA:166,0
DA:167,0
DA:168,0
DA:169,0
DA:170,0
DA:171,0
DA:172,0
DA:173,0
DA:174,0
DA:175,0
DA:176,0
DA:177,0
DA:178,0
DA:183,0
DA:184,0
DA:185,0
DA:186,0
DA:187,0
DA:188,0
DA:189,0
DA:190,0
DA:191,0
DA:192,0
DA:211,0
DA:213,0
DA:214,0
DA:216,0
DA:234,0
DA:235,0
DA:237,0
DA:238,0
DA:240,0
DA:247,0
DA:248,0
DA:249,0
DA:251,0
DA:252,0
DA:254,0
DA:255,0
DA:257,0
DA:259,0
DA:261,0
DA:264,0
LF:48
LH:0
end_of_record
SF:/home/leo/gingerbread/hardware/intel/linux-2.6/include/linux/thread_info.h
BRDA:87,0,0,-
BRDA:87,0,1,-
BRDA:87,1,2,-
BRDA:87,1,3,-
BRF:4
BRH:0
DA:87,0
LF:1
LH:0
end_of_record
SF:/home/leo/gingerbread/hardware/intel/linux-2.6/include/trace/events/kmem.h
FN:81,trace_kmalloc
FNDA:0,trace_kmalloc
FNF:1
FNH:0
BRDA:81,0,0,-
BRDA:81,0,1,-
BRDA:81,0,2,-
BRDA:81,0,3,-
BRDA:81,1,5,-
BRDA:81,1,6,-
BRF:6
BRH:0
DA:81,0
DA:87,0
LF:2
LH:0
end_of_record
TN:
SF:/home/leo/gingerbread/hardware/intel/linux-2.6/arch/x86/include/asm/bitops.h
DA:311,0
DA:312,0
DA:319,0
DA:324,0
LF:4
LH:0
end_of_record
SF:/home/leo/gingerbread/hardware/intel/linux-2.6/arch/x86/include/asm/current.h
DA:14,0
LF:1
LH:0
end_of_record
SF:/home/leo/gingerbread/hardware/intel/linux-2.6/arch/x86/include/asm/swab.h
DA:11,0
DA:25,0
LF:2
LH:0
end_of_record
SF:/home/leo/gingerbread/hardware/intel/linux-2.6/arch/x86/include/asm/thread_info.h
DA:184,0
DA:185,0
LF:2
LH:0
end_of_record
SF:/home/leo/gingerbread/hardware/intel/linux-2.6/arch/x86/include/asm/uaccess_32.h
BRDA:209,0,0,-
BRDA:209,0,1,-
BRF:2
BRH:0
DA:207,0
DA:209,0
DA:210,0
DA:212,0
DA:214,0
LF:5
LH:0
end_of_record
SF:/home/leo/gingerbread/hardware/intel/linux-2.6/drivers/misc/pti.c
FN:105,pti_write_to_aperture
FN:161,pti_control_frame_built_and_sent
FN:209,pti_console_write
FN:230,get_id
FN:287,pti_request_masterchannel
FN:322,pti_release_masterchannel
FN:361,pti_writedata
FN:379,pti_pci_remove
FN:418,pti_tty_driver_open
FN:441,pti_tty_driver_close
FN:458,pti_tty_install
FN:492,pti_tty_cleanup
FN:515,pti_tty_driver_write
FN:536,pti_tty_write_room
FN:553,pti_char_open
FN:581,pti_char_release
FN:608,pti_char_write
FN:699,pti_console_device
FN:714,pti_console_setup
FN:754,pti_port_activate
FN:771,pti_port_shutdown
FN:798,pti_pci_probe
FN:884,pti_init
FN:945,pti_exit
FNDA:0,pti_write_to_aperture
FNDA:0,pti_control_frame_built_and_sent
FNDA:0,get_id
FNDA:0,pti_request_masterchannel
FNDA:0,pti_release_masterchannel
FNDA:0,pti_writedata
FNDA:0,pti_pci_remove
FNDA:0,pti_tty_driver_open
FNDA:0,pti_tty_driver_close
FNDA:0,pti_tty_install
FNDA:0,pti_tty_cleanup
FNDA:0,pti_tty_driver_write
FNDA:0,pti_tty_write_room
FNDA:0,pti_char_open
FNDA:0,pti_char_release
FNDA:0,pti_char_write
FNDA:0,pti_console_write
FNDA:0,pti_console_device
FNDA:0,pti_console_setup
FNDA:0,pti_port_activate
FNDA:0,pti_port_shutdown
FNDA:1,pti_pci_probe
FNDA:1,pti_init
FNDA:0,pti_exit
FNF:24
FNH:2
BRDA:125,0,0,-
BRDA:125,0,1,-
BRDA:130,1,0,-
BRDA:130,1,1,-
BRDA:131,0,0,-
BRDA:131,0,1,-
BRDA:139,2,0,-
BRDA:139,2,1,-
BRDA:175,0,0,-
BRDA:175,0,1,-
BRDA:236,0,0,-
BRDA:236,0,1,-
BRDA:240,2,0,-
BRDA:240,2,1,-
BRDA:241,0,0,-
BRDA:241,0,1,-
BRDA:243,0,0,-
BRDA:243,0,1,-
BRDA:249,2,0,-
BRDA:249,2,1,-
BRDA:250,0,0,-
BRDA:250,0,1,-
BRDA:293,0,0,-
BRDA:293,0,1,-
BRDA:293,0,2,-
BRDA:293,0,3,-
BRDA:328,0,0,-
BRDA:328,0,1,-
BRDA:332,0,0,-
BRDA:332,0,1,-
BRDA:335,0,0,-
BRDA:335,0,1,-
BRDA:368,0,0,-
BRDA:368,0,1,-
BRDA:368,1,2,-
BRDA:368,1,3,-
BRDA:384,0,0,-
BRDA:384,0,1,-
BRDA:464,0,0,-
BRDA:464,0,1,-
BRDA:470,0,0,-
BRDA:470,0,1,-
BRDA:473,0,0,-
BRDA:473,0,1,-
BRDA:478,0,0,-
BRDA:478,0,1,-
BRDA:495,0,0,-
BRDA:495,0,1,-
BRDA:519,0,0,-
BRDA:519,0,1,-
BRDA:519,1,2,-
BRDA:519,1,3,-
BRDA:564,0,0,-
BRDA:564,0,1,-
BRDA:621,0,0,-
BRDA:621,0,1,-
BRDA:628,0,0,-
BRDA:628,0,1,-
BRDA:633,0,0,-
BRDA:633,0,1,-
BRDA:635,0,0,-
BRDA:635,0,1,-
BRDA:642,0,0,-
BRDA:642,0,1,-
BRDA:756,0,0,-
BRDA:756,0,1,-
BRDA:773,0,0,-
BRDA:773,0,1,-
BRDA:804,0,0,0
BRDA:804,0,1,1
BRDA:804,1,2,-
BRDA:804,1,3,-
BRDA:804,2,4,-
BRDA:804,2,5,-
BRDA:804,4,6,0
BRDA:804,4,7,1
BRDA:808,0,0,0
BRDA:808,0,1,1
BRDA:817,0,0,0
BRDA:817,0,1,1
BRDA:826,0,0,0
BRDA:826,0,1,1
BRDA:836,0,0,0
BRDA:836,0,1,1
BRDA:847,0,0,0
BRDA:847,0,1,1
BRDA:891,0,0,0
BRDA:891,0,1,1
BRDA:914,0,0,0
BRDA:914,0,1,1
BRDA:926,0,0,0
BRDA:926,0,1,1
BRDA:953,0,0,-
BRDA:953,0,1,-
BRDA:963,0,0,-
BRDA:963,0,1,-
BRF:96
BRH:10
DA:105,0
DA:114,0
DA:120,0
DA:121,0
DA:123,0
DA:124,0
DA:125,0
DA:126,0
DA:127,0
DA:130,0
DA:131,0
DA:132,0
DA:133,0
DA:136,0
DA:138,0
DA:139,0
DA:140,0
DA:142,0
DA:161,0
DA:164,0
DA:165,0
DA:175,0
DA:176,0
DA:178,0
DA:181,0
DA:183,0
DA:184,0
DA:186,0
DA:187,0
DA:188,0
DA:189,0
DA:209,0
DA:210,0
DA:230,0
DA:235,0
DA:236,0
DA:237,0
DA:240,0
DA:241,0
DA:243,0
DA:244,0
DA:245,0
DA:248,0
DA:249,0
DA:250,0
DA:252,0
DA:256,0
DA:257,0
DA:258,0
DA:260,0
DA:261,0
DA:287,0
DA:291,0
DA:293,0
DA:296,0
DA:297,0
DA:300,0
DA:301,0
DA:304,0
DA:305,0
DA:307,0
DA:310,0
DA:311,0
DA:322,0
DA:326,0
DA:328,0
DA:329,0
DA:330,0
DA:332,0
DA:333,0
DA:334,0
DA:335,0
DA:336,0
DA:337,0
DA:339,0
DA:340,0
DA:343,0
DA:346,0
DA:347,0
DA:361,0
DA:368,0
DA:369,0
DA:379,0
DA:383,0
DA:384,0
DA:385,0
DA:387,0
DA:388,0
DA:389,0
DA:391,0
DA:418,0
DA:427,0
DA:441,0
DA:443,0
DA:444,0
DA:458,0
DA:460,0
DA:462,0
DA:464,0
DA:466,0
DA:467,0
DA:469,0
DA:470,0
DA:471,0
DA:473,0
DA:474,0
DA:476,0
DA:478,0
DA:479,0
DA:480,0
DA:483,0
DA:492,0
DA:494,0
DA:495,0
DA:497,0
DA:498,0
DA:499,0
DA:515,0
DA:518,0
DA:519,0
DA:520,0
DA:521,0
DA:528,0
DA:536,0
DA:538,0
DA:553,0
DA:563,0
DA:564,0
DA:565,0
DA:566,0
DA:567,0
DA:581,0
DA:583,0
DA:584,0
DA:585,0
DA:608,0
DA:614,0
DA:615,0
DA:617,0
DA:618,0
DA:620,0
DA:621,0
DA:622,0
DA:624,0
DA:628,0
DA:629,0
DA:631,0
DA:633,0
DA:634,0
DA:635,0
DA:638,0
DA:639,0
DA:640,0
DA:642,0
DA:644,0
DA:645,0
DA:677,0
DA:682,0
DA:683,0
DA:685,0
DA:686,0
DA:699,0
DA:701,0
DA:702,0
DA:714,0
DA:716,0
DA:717,0
DA:718,0
DA:754,0
DA:756,0
DA:757,0
DA:758,0
DA:771,0
DA:773,0
DA:774,0
DA:775,0
DA:798,1
DA:801,1
DA:802,1
DA:804,1
DA:807,1
DA:808,1
DA:809,0
DA:811,0
DA:813,0
DA:816,1
DA:817,1
DA:818,0
DA:821,0
DA:824,1
DA:826,1
DA:827,0
DA:828,0
DA:831,0
DA:833,1
DA:835,1
DA:836,1
DA:837,0
DA:840,0
DA:841,0
DA:843,1
DA:844,2
DA:845,1
DA:847,1
DA:848,0
DA:849,0
DA:850,0
DA:851,0
DA:854,1
DA:856,1
DA:857,1
DA:859,1
DA:860,1
DA:862,1
DA:864,1
DA:884,1
DA:886,1
DA:890,1
DA:891,1
DA:892,0
DA:894,0
DA:897,1
DA:898,1
DA:899,1
DA:900,1
DA:901,1
DA:902,1
DA:903,1
DA:904,1
DA:905,1
DA:906,1
DA:907,1
DA:909,1
DA:911,1
DA:913,1
DA:914,1
DA:915,0
DA:917,0
DA:920,0
DA:921,0
DA:924,1
DA:926,1
DA:927,0
DA:929,0
DA:932,0
DA:933,0
DA:935,0
DA:936,0
DA:939,1
DA:945,0
DA:949,0
DA:950,0
DA:952,0
DA:953,0
DA:954,0
DA:956,0
DA:960,0
DA:962,0
DA:963,0
DA:964,0
DA:966,0
DA:970,0
LF:262
LH:46
end_of_record
SF:/home/leo/gingerbread/hardware/intel/linux-2.6/include/asm-generic/getorder.h
FN:9,get_order
FNDA:0,get_order
FNF:1
FNH:0
BRDA:18,0,0,-
BRDA:18,0,1,-
BRF:2
BRH:0
DA:9,0
DA:13,0
DA:14,0
DA:16,0
DA:17,0
DA:18,0
DA:19,0
LF:7
LH:0
end_of_record
SF:/home/leo/gingerbread/hardware/intel/linux-2.6/include/linux/device.h
BRDA:465,0,0,-
BRDA:465,0,1,-
BRDA:465,1,2,-
BRDA:465,1,3,-
BRDA:465,2,4,-
BRDA:465,2,5,-
BRDA:465,3,6,0
BRDA:465,3,7,1
BRDA:465,4,8,-
BRDA:465,4,9,-
BRF:10
BRH:1
DA:465,1
DA:466,0
DA:468,1
LF:3
LH:2
end_of_record
SF:/home/leo/gingerbread/hardware/intel/linux-2.6/include/linux/kobject.h
DA:81,1
LF:1
LH:1
end_of_record
SF:/home/leo/gingerbread/hardware/intel/linux-2.6/include/linux/pci.h
DA:1249,0
DA:1254,1
LF:2
LH:1
end_of_record
SF:/home/leo/gingerbread/hardware/intel/linux-2.6/include/linux/rcupdate.h
BRDA:408,1,2,-
BRDA:408,1,3,-
BRF:2
BRH:0
DA:388,0
DA:408,0
LF:2
LH:0
end_of_record
SF:/home/leo/gingerbread/hardware/intel/linux-2.6/include/linux/slab.h
DA:321,2
LF:1
LH:1
end_of_record
SF:/home/leo/gingerbread/hardware/intel/linux-2.6/include/linux/slub_def.h
BRDA:159,0,0,-
BRDA:159,0,1,-
BRDA:159,1,2,-
BRDA:159,1,3,-
BRDA:159,2,4,0
BRDA:159,2,5,1
BRDA:159,3,6,-
BRDA:159,3,7,-
BRDA:162,0,0,-
BRDA:162,0,1,-
BRDA:162,1,2,-
BRDA:162,1,3,-
BRDA:162,2,4,0
BRDA:162,2,5,1
BRDA:162,3,6,-
BRDA:162,3,7,-
BRDA:165,0,0,-
BRDA:165,0,1,-
BRDA:165,1,2,-
BRDA:165,1,3,-
BRDA:165,2,4,0
BRDA:165,2,5,1
BRDA:165,3,6,-
BRDA:165,3,7,-
BRDA:167,0,0,-
BRDA:167,0,1,-
BRDA:167,1,2,-
BRDA:167,1,3,-
BRDA:167,2,4,0
BRDA:167,2,5,1
BRDA:167,3,6,-
BRDA:167,3,7,-
BRDA:169,0,0,-
BRDA:169,0,1,-
BRDA:169,2,2,-
BRDA:169,2,3,-
BRDA:169,4,4,0
BRDA:169,4,5,1
BRDA:169,6,6,-
BRDA:169,6,7,-
BRDA:170,0,0,-
BRDA:170,0,1,-
BRDA:170,2,2,-
BRDA:170,2,3,-
BRDA:170,4,4,0
BRDA:170,4,5,1
BRDA:170,6,6,-
BRDA:170,6,7,-
BRDA:171,0,0,-
BRDA:171,0,1,-
BRDA:171,2,2,-
BRDA:171,2,3,-
BRDA:171,4,4,0
BRDA:171,4,5,1
BRDA:171,6,6,-
BRDA:171,6,7,-
BRDA:172,0,0,-
BRDA:172,0,1,-
BRDA:172,2,2,-
BRDA:172,2,3,-
BRDA:172,4,4,0
BRDA:172,4,5,1
BRDA:172,6,6,-
BRDA:172,6,7,-
BRDA:173,0,0,-
BRDA:173,0,1,-
BRDA:173,2,2,-
BRDA:173,2,3,-
BRDA:173,4,4,0
BRDA:173,4,5,1
BRDA:173,6,6,-
BRDA:173,6,7,-
BRDA:174,0,0,-
BRDA:174,0,1,-
BRDA:174,2,2,-
BRDA:174,2,3,-
BRDA:174,4,4,0
BRDA:174,4,5,1
BRDA:174,6,6,-
BRDA:174,6,7,-
BRDA:175,0,0,-
BRDA:175,0,1,-
BRDA:175,2,2,-
BRDA:175,2,3,-
BRDA:175,4,4,1
BRDA:175,4,5,0
BRDA:175,6,6,-
BRDA:175,6,7,-
BRDA:176,0,0,-
BRDA:176,0,1,-
BRDA:176,2,2,-
BRDA:176,2,3,-
BRDA:176,4,4,-
BRDA:176,4,5,-
BRDA:176,6,6,-
BRDA:176,6,7,-
BRDA:177,0,0,-
BRDA:177,0,1,-
BRDA:177,2,2,-
BRDA:177,2,3,-
BRDA:177,4,4,-
BRDA:177,4,5,-
BRDA:177,6,6,-
BRDA:177,6,7,-
BRDA:178,0,0,-
BRDA:178,0,1,-
BRDA:178,2,2,-
BRDA:178,2,3,-
BRDA:178,4,4,-
BRDA:178,4,5,-
BRDA:178,6,6,-
BRDA:178,6,7,-
BRDA:183,0,0,-
BRDA:183,0,1,-
BRDA:183,2,2,-
BRDA:183,2,3,-
BRDA:183,4,4,-
BRDA:183,4,5,-
BRDA:183,6,6,-
BRDA:183,6,7,-
BRDA:184,0,0,-
BRDA:184,0,1,-
BRDA:184,2,2,-
BRDA:184,2,3,-
BRDA:184,4,4,-
BRDA:184,4,5,-
BRDA:184,6,6,-
BRDA:184,6,7,-
BRDA:185,0,0,-
BRDA:185,0,1,-
BRDA:185,2,2,-
BRDA:185,2,3,-
BRDA:185,4,4,-
BRDA:185,4,5,-
BRDA:185,6,6,-
BRDA:185,6,7,-
BRDA:186,0,0,-
BRDA:186,0,1,-
BRDA:186,2,2,-
BRDA:186,2,3,-
BRDA:186,4,4,-
BRDA:186,4,5,-
BRDA:186,6,6,-
BRDA:186,6,7,-
BRDA:187,0,0,-
BRDA:187,0,1,-
BRDA:187,2,2,-
BRDA:187,2,3,-
BRDA:187,4,4,-
BRDA:187,4,5,-
BRDA:187,6,6,-
BRDA:187,6,7,-
BRDA:188,0,0,-
BRDA:188,0,1,-
BRDA:188,2,2,-
BRDA:188,2,3,-
BRDA:188,4,4,-
BRDA:188,4,5,-
BRDA:188,6,6,-
BRDA:188,6,7,-
BRDA:189,0,0,-
BRDA:189,0,1,-
BRDA:189,2,2,-
BRDA:189,2,3,-
BRDA:189,4,4,-
BRDA:189,4,5,-
BRDA:189,6,6,-
BRDA:189,6,7,-
BRDA:190,0,0,-
BRDA:190,0,1,-
BRDA:190,2,2,-
BRDA:190,2,3,-
BRDA:190,4,4,-
BRDA:190,4,5,-
BRDA:190,6,6,-
BRDA:190,6,7,-
BRDA:191,0,0,-
BRDA:191,0,1,-
BRDA:191,2,2,-
BRDA:191,2,3,-
BRDA:191,4,4,-
BRDA:191,4,5,-
BRDA:191,6,6,-
BRDA:191,6,7,-
BRDA:213,0,0,-
BRDA:213,0,1,-
BRDA:213,1,2,-
BRDA:213,1,3,-
BRDA:213,2,4,0
BRDA:213,2,5,1
BRDA:213,3,6,-
BRDA:213,3,7,-
BRDA:247,0,0,-
BRDA:247,0,1,-
BRDA:247,1,2,-
BRDA:247,1,3,-
BRDA:247,2,4,1
BRDA:247,2,5,0
BRDA:247,2,6,-
BRDA:247,2,7,-
BRDA:248,0,0,-
BRDA:248,0,1,-
BRDA:248,1,2,-
BRDA:248,1,3,-
BRDA:248,2,4,0
BRDA:248,2,5,1
BRDA:248,3,6,-
BRDA:248,3,7,-
BRDA:251,0,0,-
BRDA:251,0,1,-
BRDA:251,1,2,-
BRDA:251,1,3,-
BRDA:251,2,4,1
BRDA:251,2,5,0
BRDA:251,3,6,-
BRDA:251,3,7,-
BRDA:254,0,0,-
BRDA:254,0,1,-
BRDA:254,1,2,-
BRDA:254,1,3,-
BRDA:254,2,4,0
BRDA:254,2,5,1
BRDA:254,3,6,-
BRDA:254,3,7,-
BRF:224
BRH:16
DA:159,1
DA:160,0
DA:162,1
DA:163,0
DA:165,1
DA:166,0
DA:167,1
DA:168,0
DA:169,1
DA:170,1
DA:171,1
DA:172,1
DA:173,1
DA:174,1
DA:175,1
DA:176,0
DA:177,0
DA:178,0
DA:183,0
DA:184,0
DA:185,0
DA:186,0
DA:187,0
DA:188,0
DA:189,0
DA:190,0
DA:191,0
DA:192,0
DA:211,1
DA:213,1
DA:214,0
DA:216,1
DA:234,0
DA:235,0
DA:237,0
DA:238,0
DA:240,0
DA:247,1
DA:248,1
DA:249,0
DA:251,1
DA:252,1
DA:254,1
DA:255,0
DA:257,1
DA:259,1
DA:261,1
DA:264,0
LF:48
LH:22
end_of_record
SF:/home/leo/gingerbread/hardware/intel/linux-2.6/include/linux/thread_info.h
BRDA:87,0,0,-
BRDA:87,0,1,-
BRF:2
BRH:0
DA:87,0
LF:1
LH:0
end_of_record
SF:/home/leo/gingerbread/hardware/intel/linux-2.6/include/linux/tty_driver.h
DA:326,0
DA:327,0
LF:2
LH:0
end_of_record
SF:/home/leo/gingerbread/hardware/intel/linux-2.6/include/trace/events/kmem.h
FN:81,trace_kmalloc
FNDA:1,trace_kmalloc
FNF:1
FNH:1
BRDA:81,0,0,0
BRDA:81,0,1,1
BRDA:81,0,2,-
BRDA:81,0,3,-
BRDA:81,1,5,-
BRDA:81,1,6,-
BRF:6
BRH:1
DA:81,1
DA:87,1
LF:2
LH:2
end_of_record
TN:
SF:/home/leo/gingerbread/hardware/intel/linux-2.6/arch/x86/include/asm/atomic.h
BRDA:237,0,0,-
BRDA:237,0,1,-
BRDA:240,0,0,-
BRDA:240,0,1,-
BRF:4
BRH:0
DA:25,0
DA:215,0
DA:235,0
DA:237,0
DA:239,0
DA:240,0
DA:242,0
DA:244,0
LF:8
LH:0
end_of_record
SF:/home/leo/gingerbread/hardware/intel/linux-2.6/arch/x86/include/asm/bitops.h
DA:311,0
DA:312,0
DA:319,0
DA:324,0
LF:4
LH:0
end_of_record
SF:/home/leo/gingerbread/hardware/intel/linux-2.6/arch/x86/include/asm/thread_info.h
DA:184,0
DA:185,0
LF:2
LH:0
end_of_record
SF:/home/leo/gingerbread/hardware/intel/linux-2.6/drivers/misc/apds9802als.c
FN:45,als_sensing_range_show
FN:60,als_wait_for_data_ready
FN:79,als_lux_output_data_show
FN:120,als_sensing_range_store
FN:165,als_set_power_state
FN:199,als_set_default_config
FN:221,apds9802als_probe
FN:252,apds9802als_remove
FN:269,apds9802als_suspend
FN:275,apds9802als_resume
FN:281,apds9802als_runtime_suspend
FN:289,apds9802als_runtime_resume
FN:321,sensor_apds9802als_init
FN:326,sensor_apds9802als_exit
FNDA:0,als_sensing_range_show
FNDA:195,als_wait_for_data_ready
FNDA:194,als_lux_output_data_show
FNDA:0,als_sensing_range_store
FNDA:389,als_set_power_state
FNDA:1,als_set_default_config
FNDA:1,apds9802als_probe
FNDA:0,apds9802als_remove
FNDA:0,apds9802als_suspend
FNDA:0,apds9802als_resume
FNDA:195,apds9802als_runtime_suspend
FNDA:194,apds9802als_runtime_resume
FNDA:1,sensor_apds9802als_init
FNDA:0,sensor_apds9802als_exit
FNF:14
FNH:8
BRDA:52,0,0,-
BRDA:52,0,1,-
BRDA:54,0,0,-
BRDA:54,0,1,-
BRDA:69,0,0,1164
BRDA:69,0,1,195
BRDA:69,0,2,1164
BRDA:69,0,3,0
BRDA:71,0,0,0
BRDA:71,0,1,195
BRDA:97,0,0,194
BRDA:97,0,1,0
BRDA:101,0,0,0
BRDA:101,0,1,194
BRDA:106,0,0,194
BRDA:106,0,1,0
BRDA:128,0,1,-
BRDA:128,0,2,-
BRDA:130,0,0,-
BRDA:130,0,1,-
BRDA:146,0,0,-
BRDA:146,0,1,-
BRDA:172,0,0,389
BRDA:172,0,1,0
BRDA:174,0,0,194
BRDA:174,0,1,195
BRDA:204,0,0,0
BRDA:204,0,1,1
BRDA:210,0,0,0
BRDA:210,0,1,1
BRDA:228,0,0,0
BRDA:228,0,1,1
BRDA:234,0,0,0
BRDA:234,0,1,1
BRF:34
BRH:14
DA:45,0
DA:48,0
DA:51,0
DA:52,0
DA:53,0
DA:54,0
DA:55,0
DA:57,0
DA:60,195
DA:62,195
DA:64,195
DA:67,1359
DA:68,1359
DA:69,1359
DA:71,195
DA:72,0
DA:73,0
DA:76,195
DA:79,194
DA:82,194
DA:83,194
DA:88,194
DA:91,194
DA:93,194
DA:94,194
DA:96,194
DA:97,194
DA:100,194
DA:101,194
DA:102,0
DA:103,0
DA:105,194
DA:106,194
DA:109,194
DA:112,194
DA:113,194
DA:115,0
DA:117,194
DA:120,0
DA:123,0
DA:124,0
DA:128,0
DA:129,0
DA:130,0
DA:131,0
DA:137,0
DA:139,0
DA:144,0
DA:146,0
DA:147,0
DA:149,0
DA:151,0
DA:155,0
DA:157,0
DA:165,389
DA:168,389
DA:170,389
DA:171,389
DA:172,389
DA:174,389
DA:175,194
DA:177,195
DA:178,389
DA:180,389
DA:181,389
DA:199,1
DA:203,1
DA:204,1
DA:205,0
DA:206,0
DA:209,1
DA:210,1
DA:211,0
DA:216,1
DA:218,1
DA:221,1
DA:227,1
DA:228,1
DA:229,0
DA:230,0
DA:233,1
DA:234,1
DA:235,0
DA:236,0
DA:238,1
DA:239,1
DA:240,1
DA:242,1
DA:243,1
DA:245,1
DA:248,0
DA:249,1
DA:252,0
DA:254,0
DA:256,0
DA:258,0
DA:259,0
DA:261,0
DA:262,0
DA:263,0
DA:265,0
DA:266,0
DA:269,0
DA:271,0
DA:272,0
DA:275,0
DA:277,0
DA:278,0
DA:281,195
DA:283,195
DA:285,195
DA:286,195
DA:289,194
DA:291,194
DA:293,194
DA:294,194
DA:321,1
DA:323,1
DA:326,0
DA:328,0
DA:329,0
LF:121
LH:65
end_of_record
SF:/home/leo/gingerbread/hardware/intel/linux-2.6/include/asm-generic/getorder.h
FN:9,get_order
FNDA:0,get_order
FNF:1
FNH:0
BRDA:18,0,0,-
BRDA:18,0,1,-
BRF:2
BRH:0
DA:9,0
DA:13,0
DA:14,0
DA:16,0
DA:17,0
DA:18,0
DA:19,0
LF:7
LH:0
end_of_record
SF:/home/leo/gingerbread/hardware/intel/linux-2.6/include/linux/device.h
BRDA:465,0,0,-
BRDA:465,0,1,-
BRDA:465,1,2,-
BRDA:465,1,3,-
BRDA:465,2,4,-
BRDA:465,2,5,-
BRDA:465,3,6,-
BRDA:465,3,7,-
BRDA:465,4,8,-
BRDA:465,4,9,-
BRDA:465,5,10,0
BRDA:465,5,11,1
BRF:12
BRH:1
DA:465,1
DA:466,0
DA:468,1
LF:3
LH:2
end_of_record
SF:/home/leo/gingerbread/hardware/intel/linux-2.6/include/linux/i2c.h
DA:221,583
DA:226,1
DA:433,1
LF:3
LH:3
end_of_record
SF:/home/leo/gingerbread/hardware/intel/linux-2.6/include/linux/kobject.h
DA:81,1
LF:1
LH:1
end_of_record
SF:/home/leo/gingerbread/hardware/intel/linux-2.6/include/linux/pm_runtime.h
DA:67,0
DA:68,0
DA:184,194
DA:200,194
DA:210,1
DA:215,0
DA:220,0
LF:7
LH:3
end_of_record
SF:/home/leo/gingerbread/hardware/intel/linux-2.6/include/linux/rcupdate.h
FN:405,rcu_read_unlock_sched_notrace
FNDA:0,rcu_read_unlock_sched_notrace
FNF:1
FNH:0
BRDA:408,1,2,-
BRDA:408,1,3,-
BRF:2
BRH:0
DA:388,0
DA:405,0
DA:408,0
DA:409,0
LF:4
LH:0
end_of_record
SF:/home/leo/gingerbread/hardware/intel/linux-2.6/include/linux/slab.h
DA:321,2
LF:1
LH:1
end_of_record
SF:/home/leo/gingerbread/hardware/intel/linux-2.6/include/linux/slub_def.h
BRDA:159,0,0,0
BRDA:159,0,1,1
BRDA:162,0,0,0
BRDA:162,0,1,1
BRDA:165,0,0,0
BRDA:165,0,1,1
BRDA:167,0,0,0
BRDA:167,0,1,1
BRDA:169,0,0,0
BRDA:169,0,1,1
BRDA:170,0,0,0
BRDA:170,0,1,1
BRDA:171,0,0,0
BRDA:171,0,1,1
BRDA:172,0,0,1
BRDA:172,0,1,0
BRDA:173,0,0,-
BRDA:173,0,1,-
BRDA:174,0,0,-
BRDA:174,0,1,-
BRDA:175,0,0,-
BRDA:175,0,1,-
BRDA:176,0,0,-
BRDA:176,0,1,-
BRDA:177,0,0,-
BRDA:177,0,1,-
BRDA:178,0,0,-
BRDA:178,0,1,-
BRDA:183,0,0,-
BRDA:183,0,1,-
BRDA:184,0,0,-
BRDA:184,0,1,-
BRDA:185,0,0,-
BRDA:185,0,1,-
BRDA:186,0,0,-
BRDA:186,0,1,-
BRDA:187,0,0,-
BRDA:187,0,1,-
BRDA:188,0,0,-
BRDA:188,0,1,-
BRDA:189,0,0,-
BRDA:189,0,1,-
BRDA:190,0,0,-
BRDA:190,0,1,-
BRDA:191,0,0,-
BRDA:191,0,1,-
BRDA:213,0,0,0
BRDA:213,0,1,1
BRDA:247,0,0,1
BRDA:247,0,1,0
BRDA:248,0,0,0
BRDA:248,0,1,1
BRDA:251,0,0,1
BRDA:251,0,1,0
BRDA:254,0,0,0
BRDA:254,0,1,1
BRF:56
BRH:13
DA:159,1
DA:160,0
DA:162,1
DA:163,0
DA:165,1
DA:166,0
DA:167,1
DA:168,0
DA:169,1
DA:170,1
DA:171,1
DA:172,1
DA:173,0
DA:174,0
DA:175,0
DA:176,0
DA:177,0
DA:178,0
DA:183,0
DA:184,0
DA:185,0
DA:186,0
DA:187,0
DA:188,0
DA:189,0
DA:190,0
DA:191,0
DA:192,0
DA:211,1
DA:213,1
DA:214,0
DA:216,1
DA:234,0
DA:235,0
DA:237,0
DA:238,0
DA:240,0
DA:247,1
DA:248,1
DA:249,0
DA:251,1
DA:252,1
DA:254,1
DA:255,0
DA:257,1
DA:259,1
DA:261,1
DA:264,0
LF:48
LH:19
end_of_record
SF:/home/leo/gingerbread/hardware/intel/linux-2.6/include/linux/thread_info.h
BRDA:87,0,0,-
BRDA:87,0,1,-
BRF:2
BRH:0
DA:87,0
LF:1
LH:0
end_of_record
SF:/home/leo/gingerbread/hardware/intel/linux-2.6/include/trace/events/kmem.h
FN:81,trace_kmalloc
FNDA:1,trace_kmalloc
FNF:1
FNH:1
BRDA:81,0,0,0
BRDA:81,0,1,1
BRDA:81,0,2,-
BRDA:81,0,3,-
BRDA:81,1,5,-
BRDA:81,1,6,-
BRF:6
BRH:1
DA:81,1
DA:87,1
LF:2
LH:2
end_of_record
SF:/home/leo/gingerbread/hardware/intel/linux-2.6/include/trace/events/power.h
BRDA:101,0,0,-
BRDA:101,0,1,-
BRDA:101,0,2,-
BRDA:101,0,3,-
BRDA:101,1,5,-
BRDA:101,1,6,-
BRF:6
BRH:0
DA:101,0
LF:1
LH:0
end_of_record
TN:
SF:/home/leo/gingerbread/hardware/intel/linux-2.6/arch/x86/include/asm/bitops.h
DA:311,0
DA:312,0
DA:319,0
DA:324,0
LF:4
LH:0
end_of_record
SF:/home/leo/gingerbread/hardware/intel/linux-2.6/arch/x86/include/asm/thread_info.h
DA:184,0
DA:185,0
LF:2
LH:0
end_of_record
SF:/home/leo/gingerbread/hardware/intel/linux-2.6/arch/x86/include/asm/uaccess_32.h
BRDA:209,0,0,-
BRDA:209,0,1,-
BRF:2
BRH:0
DA:207,0
DA:209,0
DA:210,0
DA:212,0
DA:214,0
LF:5
LH:0
end_of_record
SF:/home/leo/gingerbread/hardware/intel/linux-2.6/drivers/misc/bcm4751-gps.c
FN:50,bcm4751_gps_set_enable
FN:56,bcm4751_gps_shutdown
FN:56,bcm4751_gps_remove
FN:63,bcm4751_gps_set_wakeup
FN:72,bcm4751_gps_open
FN:77,bcm4751_gps_release
FN:82,bcm4751_gps_read
FN:111,bcm4751_gps_write
FN:134,bcm4751_gps_ioctl
FN:184,bcm4751_gps_show_hostreq
FN:196,bcm4751_gps_show_enable
FN:230,bcm4751_gps_show_wakeup
FN:267,bcm4751_gps_probe
FN:296,bcm4751_gps_bottom_half
FN:308,bcm4751_gps_irq
FN:421,bcm4751_gps_suspend
FN:429,bcm4751_gps_resume
FN:465,bcm4751_gps_init
FN:472,bcm4751_gps_exit
FNDA:0,bcm4751_gps_open
FNDA:0,bcm4751_gps_release
FNDA:0,bcm4751_gps_read
FNDA:0,bcm4751_gps_write
FNDA:0,bcm4751_gps_ioctl
FNDA:0,bcm4751_gps_show_hostreq
FNDA:0,bcm4751_gps_show_enable
FNDA:0,bcm4751_gps_set_enable
FNDA:0,bcm4751_gps_show_wakeup
FNDA:0,bcm4751_gps_set_wakeup
FNDA:0,bcm4751_gps_bottom_half
FNDA:0,bcm4751_gps_irq
FNDA:0,bcm4751_gps_probe
FNDA:0,bcm4751_gps_remove
FNDA:0,bcm4751_gps_shutdown
FNDA:0,bcm4751_gps_suspend
FNDA:0,bcm4751_gps_resume
FNDA:1,bcm4751_gps_init
FNDA:0,bcm4751_gps_exit
FNF:19
FNH:1
BRDA:50,0,0,-
BRDA:50,0,1,-
BRDA:56,0,0,-
BRDA:56,0,1,-
BRDA:56,0,2,-
BRDA:56,0,3,-
BRDA:56,0,4,-
BRDA:56,0,5,-
BRDA:63,0,0,-
BRDA:63,0,1,-
BRDA:90,0,0,-
BRDA:90,0,1,-
BRDA:93,0,0,-
BRDA:93,0,1,-
BRDA:93,1,2,-
BRDA:93,1,3,-
BRDA:93,2,4,-
BRDA:93,2,5,-
BRDA:93,4,6,-
BRDA:93,4,7,-
BRDA:95,0,0,-
BRDA:95,0,1,-
BRDA:95,1,2,-
BRDA:95,1,3,-
BRDA:95,2,4,-
BRDA:95,2,5,-
BRDA:95,4,6,-
BRDA:95,4,7,-
BRDA:99,0,0,-
BRDA:99,0,1,-
BRDA:104,0,0,-
BRDA:104,0,1,-
BRDA:104,1,2,-
BRDA:104,1,3,-
BRDA:104,2,4,-
BRDA:104,2,5,-
BRDA:104,4,6,-
BRDA:104,4,7,-
BRDA:108,0,1,-
BRDA:108,0,2,-
BRDA:118,0,0,-
BRDA:118,0,1,-
BRDA:121,0,0,-
BRDA:121,0,1,-
BRDA:121,1,2,-
BRDA:121,1,3,-
BRDA:121,2,4,-
BRDA:121,2,5,-
BRDA:121,4,6,-
BRDA:121,4,7,-
BRDA:123,0,0,-
BRDA:123,0,1,-
BRDA:128,0,0,-
BRDA:128,0,1,-
BRDA:128,0,2,-
BRDA:128,0,3,-
BRDA:128,1,4,-
BRDA:128,1,5,-
BRDA:128,3,6,-
BRDA:128,3,7,-
BRDA:139,0,0,-
BRDA:139,0,1,-
BRDA:139,1,2,-
BRDA:139,1,3,-
BRDA:139,2,4,-
BRDA:139,2,5,-
BRDA:139,4,6,-
BRDA:139,4,7,-
BRDA:141,0,0,-
BRDA:141,0,1,-
BRDA:141,0,2,-
BRDA:144,0,0,-
BRDA:144,0,1,-
BRDA:144,1,2,-
BRDA:144,1,3,-
BRDA:149,0,0,-
BRDA:149,0,1,-
BRDA:149,1,2,-
BRDA:149,1,3,-
BRDA:149,2,4,-
BRDA:149,2,5,-
BRDA:149,4,6,-
BRDA:149,4,7,-
BRDA:152,0,0,-
BRDA:152,0,1,-
BRDA:190,0,0,-
BRDA:190,0,1,-
BRDA:211,0,0,-
BRDA:211,0,1,-
BRDA:211,0,2,-
BRDA:211,0,3,-
BRDA:211,1,4,-
BRDA:211,1,5,-
BRDA:211,3,6,-
BRDA:211,3,7,-
BRDA:213,0,0,-
BRDA:213,0,1,-
BRDA:213,0,2,-
BRDA:246,0,0,-
BRDA:246,0,1,-
BRDA:246,0,2,-
BRDA:246,0,3,-
BRDA:250,0,0,-
BRDA:250,0,1,-
BRDA:250,1,2,-
BRDA:250,1,3,-
BRDA:250,2,4,-
BRDA:250,2,5,-
BRDA:250,4,6,-
BRDA:250,4,7,-
BRDA:270,2,0,-
BRDA:270,2,1,-
BRDA:272,0,0,-
BRDA:272,0,1,-
BRDA:277,0,0,-
BRDA:277,0,1,-
BRDA:288,0,0,-
BRDA:288,0,1,-
BRDA:288,2,2,-
BRDA:288,2,3,-
BRDA:301,0,0,-
BRDA:301,0,1,-
BRDA:301,1,2,-
BRDA:301,1,3,-
BRDA:301,2,4,-
BRDA:301,2,5,-
BRDA:301,4,6,-
BRDA:301,4,7,-
BRDA:313,0,1,-
BRDA:313,0,2,-
BRDA:327,0,0,-
BRDA:327,0,1,-
BRDA:331,0,0,-
BRDA:331,0,1,-
BRDA:347,0,0,-
BRDA:347,0,1,-
BRDA:349,0,0,-
BRDA:349,0,1,-
BRDA:356,0,0,-
BRDA:356,0,1,-
BRDA:363,0,0,-
BRDA:363,0,1,-
BRDA:371,0,0,-
BRDA:371,0,1,-
BRDA:387,0,0,-
BRDA:387,0,1,-
BRDA:406,0,0,-
BRDA:406,0,1,-
BRDA:416,0,0,-
BRDA:416,0,1,-
BRDA:416,1,2,-
BRDA:416,1,3,-
BRDA:416,2,4,-
BRDA:416,2,5,-
BRDA:416,4,6,-
BRDA:416,4,7,-
BRDA:425,0,0,-
BRDA:425,0,1,-
BRDA:425,0,2,-
BRDA:425,0,3,-
BRDA:425,1,4,-
BRDA:425,1,5,-
BRDA:425,3,6,-
BRDA:425,3,7,-
BRDA:433,0,0,-
BRDA:433,0,1,-
BRDA:433,0,2,-
BRDA:433,0,3,-
BRDA:433,1,4,-
BRDA:433,1,5,-
BRDA:433,3,6,-
BRDA:433,3,7,-
BRF:172
BRH:0
DA:50,0
DA:51,0
DA:56,0
DA:57,0
DA:63,0
DA:64,0
DA:72,0
DA:74,0
DA:77,0
DA:79,0
DA:82,0
DA:85,0
DA:90,0
DA:91,0
DA:93,0
DA:95,0
DA:97,0
DA:99,0
DA:100,0
DA:102,0
DA:104,0
DA:108,0
DA:111,0
DA:114,0
DA:118,0
DA:119,0
DA:121,0
DA:123,0
DA:124,0
DA:126,0
DA:128,0
DA:131,0
DA:134,0
DA:137,0
DA:139,0
DA:141,0
DA:144,0
DA:145,0
DA:146,0
DA:147,0
DA:148,0
DA:149,0
DA:150,0
DA:152,0
DA:153,0
DA:155,0
DA:156,0
DA:158,0
DA:184,0
DA:187,0
DA:188,0
DA:190,0
DA:191,0
DA:193,0
DA:196,0
DA:199,0
DA:201,0
DA:204,0
DA:207,0
DA:210,0
DA:211,0
DA:213,0
DA:223,0
DA:226,0
DA:227,0
DA:230,0
DA:233,0
DA:235,0
DA:238,0
DA:243,0
DA:245,0
DA:246,0
DA:247,0
DA:249,0
DA:250,0
DA:253,0
DA:267,0
DA:270,0
DA:271,0
DA:272,0
DA:275,0
DA:277,0
DA:278,0
DA:280,0
DA:285,0
DA:288,0
DA:289,0
DA:296,0
DA:299,0
DA:301,0
DA:305,0
DA:306,0
DA:308,0
DA:310,0
DA:313,0
DA:314,0
DA:316,0
DA:319,0
DA:326,0
DA:327,0
DA:328,0
DA:330,0
DA:331,0
DA:332,0
DA:333,0
DA:334,0
DA:338,0
DA:339,0
DA:340,0
DA:341,0
DA:343,0
DA:344,0
DA:345,0
DA:347,0
DA:348,0
DA:349,0
DA:353,0
DA:354,0
DA:356,0
DA:357,0
DA:359,0
DA:362,0
DA:363,0
DA:364,0
DA:366,0
DA:369,0
DA:370,0
DA:371,0
DA:372,0
DA:373,0
DA:376,0
DA:378,0
DA:384,0
DA:387,0
DA:388,0
DA:391,0
DA:392,0
DA:394,0
DA:397,0
DA:399,0
DA:403,0
DA:404,0
DA:406,0
DA:407,0
DA:408,0
DA:409,0
DA:411,0
DA:414,0
DA:416,0
DA:417,0
DA:418,0
DA:421,0
DA:423,0
DA:424,0
DA:425,0
DA:426,0
DA:429,0
DA:431,0
DA:432,0
DA:433,0
DA:434,0
DA:465,1
DA:467,1
DA:469,1
DA:472,0
DA:474,0
DA:475,0
LF:167
LH:3
end_of_record
SF:/home/leo/gingerbread/hardware/intel/linux-2.6/include/asm-generic/getorder.h
FN:9,get_order
FNDA:0,get_order
FNF:1
FNH:0
BRDA:18,0,0,-
BRDA:18,0,1,-
BRF:2
BRH:0
DA:9,0
DA:13,0
DA:14,0
DA:16,0
DA:17,0
DA:18,0
DA:19,0
LF:7
LH:0
end_of_record
SF:/home/leo/gingerbread/hardware/intel/linux-2.6/include/linux/device.h
BRDA:465,0,0,-
BRDA:465,0,1,-
BRDA:465,1,2,-
BRDA:465,1,3,-
BRDA:465,2,4,-
BRDA:465,2,5,-
BRDA:465,3,6,-
BRDA:465,3,7,-
BRDA:465,4,8,-
BRDA:465,4,9,-
BRDA:465,5,10,-
BRDA:465,5,11,-
BRDA:465,6,12,-
BRDA:465,6,13,-
BRDA:465,7,14,-
BRDA:465,7,15,-
BRDA:465,8,16,-
BRDA:465,8,17,-
BRDA:465,9,18,-
BRDA:465,9,19,-
BRDA:465,10,20,-
BRDA:465,10,21,-
BRDA:465,11,22,-
BRDA:465,11,23,-
BRDA:465,12,24,-
BRDA:465,12,25,-
BRDA:465,13,26,-
BRDA:465,13,27,-
BRDA:465,14,28,-
BRDA:465,14,29,-
BRDA:465,15,30,-
BRDA:465,15,31,-
BRDA:465,16,32,-
BRDA:465,16,33,-
BRDA:465,16,34,-
BRDA:465,16,35,-
BRF:36
BRH:0
DA:465,0
DA:466,0
DA:468,0
LF:3
LH:0
end_of_record
SF:/home/leo/gingerbread/hardware/intel/linux-2.6/include/linux/i2c.h
DA:221,0
DA:226,0
DA:433,1
LF:3
LH:1
end_of_record
SF:/home/leo/gingerbread/hardware/intel/linux-2.6/include/linux/interrupt.h
DA:138,0
LF:1
LH:0
end_of_record
SF:/home/leo/gingerbread/hardware/intel/linux-2.6/include/linux/kobject.h
DA:81,0
LF:1
LH:0
end_of_record
SF:/home/leo/gingerbread/hardware/intel/linux-2.6/include/linux/list.h
DA:30,0
DA:31,0
LF:2
LH:0
end_of_record
SF:/home/leo/gingerbread/hardware/intel/linux-2.6/include/linux/rcupdate.h
BRDA:408,1,2,-
BRDA:408,1,3,-
BRF:2
BRH:0
DA:388,0
DA:408,0
LF:2
LH:0
end_of_record
SF:/home/leo/gingerbread/hardware/intel/linux-2.6/include/linux/slab.h
DA:321,0
LF:1
LH:0
end_of_record
SF:/home/leo/gingerbread/hardware/intel/linux-2.6/include/linux/slub_def.h
BRDA:159,0,0,-
BRDA:159,0,1,-
BRDA:162,0,0,-
BRDA:162,0,1,-
BRDA:165,0,0,-
BRDA:165,0,1,-
BRDA:167,0,0,-
BRDA:167,0,1,-
BRDA:169,0,0,-
BRDA:169,0,1,-
BRDA:170,0,0,-
BRDA:170,0,1,-
BRDA:171,0,0,-
BRDA:171,0,1,-
BRDA:172,0,0,-
BRDA:172,0,1,-
BRDA:173,0,0,-
BRDA:173,0,1,-
BRDA:174,0,0,-
BRDA:174,0,1,-
BRDA:175,0,0,-
BRDA:175,0,1,-
BRDA:176,0,0,-
BRDA:176,0,1,-
BRDA:177,0,0,-
BRDA:177,0,1,-
BRDA:178,0,0,-
BRDA:178,0,1,-
BRDA:183,0,0,-
BRDA:183,0,1,-
BRDA:184,0,0,-
BRDA:184,0,1,-
BRDA:185,0,0,-
BRDA:185,0,1,-
BRDA:186,0,0,-
BRDA:186,0,1,-
BRDA:187,0,0,-
BRDA:187,0,1,-
BRDA:188,0,0,-
BRDA:188,0,1,-
BRDA:189,0,0,-
BRDA:189,0,1,-
BRDA:190,0,0,-
BRDA:190,0,1,-
BRDA:191,0,0,-
BRDA:191,0,1,-
BRDA:213,0,0,-
BRDA:213,0,1,-
BRDA:247,0,0,-
BRDA:247,0,1,-
BRDA:248,0,0,-
BRDA:248,0,1,-
BRDA:251,0,0,-
BRDA:251,0,1,-
BRDA:254,0,0,-
BRDA:254,0,1,-
BRF:56
BRH:0
DA:159,0
DA:160,0
DA:162,0
DA:163,0
DA:165,0
DA:166,0
DA:167,0
DA:168,0
DA:169,0
DA:170,0
DA:171,0
DA:172,0
DA:173,0
DA:174,0
DA:175,0
DA:176,0
DA:177,0
DA:178,0
DA:183,0
DA:184,0
DA:185,0
DA:186,0
DA:187,0
DA:188,0
DA:189,0
DA:190,0
DA:191,0
DA:192,0
DA:211,0
DA:213,0
DA:214,0
DA:216,0
DA:234,0
DA:235,0
DA:237,0
DA:238,0
DA:240,0
DA:247,0
DA:248,0
DA:249,0
DA:251,0
DA:252,0
DA:254,0
DA:255,0
DA:257,0
DA:259,0
DA:261,0
DA:264,0
LF:48
LH:0
end_of_record
SF:/home/leo/gingerbread/hardware/intel/linux-2.6/include/linux/thread_info.h
BRDA:87,0,0,-
BRDA:87,0,1,-
BRF:2
BRH:0
DA:87,0
LF:1
LH:0
end_of_record
SF:/home/leo/gingerbread/hardware/intel/linux-2.6/include/trace/events/kmem.h
FN:81,trace_kmalloc
FNDA:0,trace_kmalloc
FNF:1
FNH:0
BRDA:81,0,0,-
BRDA:81,0,1,-
BRDA:81,0,2,-
BRDA:81,0,3,-
BRDA:81,1,5,-
BRDA:81,1,6,-
BRF:6
BRH:0
DA:81,0
DA:87,0
LF:2
LH:0
end_of_record
